This file contains any messages produced by compilers while
running configure, to aid debugging if configure makes a mistake.

It was created by CoinUtils configure 2.11.10, which was
generated by GNU Autoconf 2.59.  Invocation command line was

  $ /Users/ssmehta/coinbrew/CoinUtils/CoinUtils/configure --disable-dependency-tracking --disable-option-checking --prefix=/Users/ssmehta/coinbrew/dist --with-coin-instdir=/Users/ssmehta/coinbrew/dist

## --------- ##
## Platform. ##
## --------- ##

hostname = Sahujs-MacBook-Air.local
uname -m = arm64
uname -r = 23.0.0
uname -s = Darwin
uname -v = Darwin Kernel Version 23.0.0: Fri Sep 15 14:42:57 PDT 2023; root:xnu-10002.1.13~1/RELEASE_ARM64_T8112

/usr/bin/uname -p = arm
/bin/uname -X     = unknown

/bin/arch              = unknown
/usr/bin/arch -k       = unknown
/usr/convex/getsysinfo = unknown
hostinfo               = Mach kernel version:
	 Darwin Kernel Version 23.0.0: Fri Sep 15 14:42:57 PDT 2023; root:xnu-10002.1.13~1/RELEASE_ARM64_T8112
Kernel configured for up to 8 processors.
8 processors are physically available.
8 processors are logically available.
Processor type: arm64e (ARM64E)
Processors active: 0 1 2 3 4 5 6 7
Primary memory available: 8.00 gigabytes
Default processor set: 431 tasks, 3629 threads, 8 processors
Load average: 7.45, Mach factor: 2.40
/bin/machine           = unknown
/usr/bin/oslevel       = unknown
/bin/universe          = unknown

PATH: /Users/ssmehta/Library/Application Support/pypoetry/venv/bin
PATH: /Users/ssmehta/.pyenv/shims
PATH: /Users/ssmehta/mambaforge/bin
PATH: /Users/ssmehta/mambaforge/condabin
PATH: /opt/homebrew/bin
PATH: /opt/homebrew/sbin
PATH: /usr/local/bin
PATH: /System/Cryptexes/App/usr/bin
PATH: /usr/bin
PATH: /bin
PATH: /usr/sbin
PATH: /sbin
PATH: /var/run/com.apple.security.cryptexd/codex.system/bootstrap/usr/local/bin
PATH: /var/run/com.apple.security.cryptexd/codex.system/bootstrap/usr/bin
PATH: /var/run/com.apple.security.cryptexd/codex.system/bootstrap/usr/appleinternal/bin
PATH: /Library/Apple/usr/bin
PATH: /Users/ssmehta/.cargo/bin


## ----------- ##
## Core tests. ##
## ----------- ##

configure:1718: checking build system type
configure:1736: result: arm-apple-darwin23.0.0
configure:1809: checking for svnversion
configure:1825: found /opt/homebrew/bin/svnversion
configure:1836: result: yes
configure:1865: checking whether we want to compile in debug mode
configure:1911: result: no
configure:2161: checking for clang
configure:2177: found /usr/bin/clang
configure:2187: result: clang
configure:2208: checking for C compiler version
configure:2211: clang --version </dev/null >&5
Apple clang version 15.0.0 (clang-1500.0.40.1)
Target: arm64-apple-darwin23.0.0
Thread model: posix
InstalledDir: /Applications/Xcode.app/Contents/Developer/Toolchains/XcodeDefault.xctoolchain/usr/bin
configure:2214: $? = 0
configure:2216: clang -v </dev/null >&5
Apple clang version 15.0.0 (clang-1500.0.40.1)
Target: arm64-apple-darwin23.0.0
Thread model: posix
InstalledDir: /Applications/Xcode.app/Contents/Developer/Toolchains/XcodeDefault.xctoolchain/usr/bin
configure:2219: $? = 0
configure:2221: clang -V </dev/null >&5
clang: error: argument to '-V' is missing (expected 1 value)
clang: error: no input files
configure:2224: $? = 1
configure:2247: checking for C compiler default output file name
configure:2250: clang    conftest.c  >&5
configure:2253: $? = 0
configure:2299: result: a.out
configure:2304: checking whether the C compiler works
configure:2310: ./a.out
configure:2313: $? = 0
configure:2330: result: yes
configure:2337: checking whether we are cross compiling
configure:2339: result: no
configure:2342: checking for suffix of executables
configure:2344: clang -o conftest    conftest.c  >&5
configure:2347: $? = 0
configure:2372: result: 
configure:2378: checking for suffix of object files
configure:2399: clang -c   conftest.c >&5
configure:2402: $? = 0
configure:2424: result: o
configure:2428: checking whether we are using the GNU C compiler
configure:2452: clang -c   conftest.c >&5
configure:2458: $? = 0
configure:2462: test -z 
			 || test ! -s conftest.err
configure:2465: $? = 0
configure:2468: test -s conftest.o
configure:2471: $? = 0
configure:2484: result: yes
configure:2490: checking whether clang accepts -g
configure:2511: clang -c -g  conftest.c >&5
configure:2517: $? = 0
configure:2521: test -z 
			 || test ! -s conftest.err
configure:2524: $? = 0
configure:2527: test -s conftest.o
configure:2530: $? = 0
configure:2541: result: yes
configure:2558: checking for clang option to accept ANSI C
configure:2628: clang  -c -g -O2  conftest.c >&5
conftest.c:22:14: warning: a function definition without a prototype is deprecated in all versions of C and is not supported in C2x [-Wdeprecated-non-prototype]
static char *e (p, i)
             ^
1 warning generated.
configure:2634: $? = 0
configure:2638: test -z 
			 || test ! -s conftest.err
configure:2641: $? = 0
configure:2644: test -s conftest.o
configure:2647: $? = 0
configure:2665: result: none needed
configure:2683: clang -c -g -O2  conftest.c >&5
conftest.c:2:3: error: unknown type name 'choke'
  choke me
  ^
conftest.c:2:11: error: expected ';' after top level declarator
  choke me
          ^
          ;
2 errors generated.
configure:2689: $? = 1
configure: failed program was:
| #ifndef __cplusplus
|   choke me
| #endif
configure:3110: clang -o conftest -O3 -pipe -DNDEBUG -Wimplicit -Wparentheses -Wsequence-point -Wreturn-type -Wcast-qual -Wall -Wno-unknown-pragmas -Wno-long-long   -DCOINUTILS_BUILD   conftest.c  >&5
conftest.c:19:5: warning: variable 'i' set but not used [-Wunused-but-set-variable]
int i=0; i++;
    ^
1 warning generated.
configure:3116: $? = 0
configure:3120: test -z 
			 || test ! -s conftest.err
configure:3123: $? = 0
configure:3126: test -s conftest
configure:3129: $? = 0
configure:3196: C compiler options are: -O3 -pipe -DNDEBUG -Wimplicit -Wparentheses -Wsequence-point -Wreturn-type -Wcast-qual -Wall -Wno-unknown-pragmas -Wno-long-long   -DCOINUTILS_BUILD
configure:3311: checking for clang++
configure:3327: found /usr/bin/clang++
configure:3337: result: clang++
configure:3353: checking for C++ compiler version
configure:3356: clang++ --version </dev/null >&5
Apple clang version 15.0.0 (clang-1500.0.40.1)
Target: arm64-apple-darwin23.0.0
Thread model: posix
InstalledDir: /Applications/Xcode.app/Contents/Developer/Toolchains/XcodeDefault.xctoolchain/usr/bin
configure:3359: $? = 0
configure:3361: clang++ -v </dev/null >&5
Apple clang version 15.0.0 (clang-1500.0.40.1)
Target: arm64-apple-darwin23.0.0
Thread model: posix
InstalledDir: /Applications/Xcode.app/Contents/Developer/Toolchains/XcodeDefault.xctoolchain/usr/bin
configure:3364: $? = 0
configure:3366: clang++ -V </dev/null >&5
clang: error: argument to '-V' is missing (expected 1 value)
clang: error: no input files
configure:3369: $? = 1
configure:3372: checking whether we are using the GNU C++ compiler
configure:3396: clang++ -c   conftest.cc >&5
configure:3402: $? = 0
configure:3406: test -z 
			 || test ! -s conftest.err
configure:3409: $? = 0
configure:3412: test -s conftest.o
configure:3415: $? = 0
configure:3428: result: yes
configure:3434: checking whether clang++ accepts -g
configure:3455: clang++ -c -g  conftest.cc >&5
configure:3461: $? = 0
configure:3465: test -z 
			 || test ! -s conftest.err
configure:3468: $? = 0
configure:3471: test -s conftest.o
configure:3474: $? = 0
configure:3485: result: yes
configure:3527: clang++ -c -g -O2  conftest.cc >&5
configure:3533: $? = 0
configure:3537: test -z 
			 || test ! -s conftest.err
configure:3540: $? = 0
configure:3543: test -s conftest.o
configure:3546: $? = 0
configure:3572: clang++ -c -g -O2  conftest.cc >&5
conftest.cc:19:1: error: use of undeclared identifier 'exit'
exit (42);
^
1 error generated.
configure:3578: $? = 1
configure: failed program was:
| /* confdefs.h.  */
| 
| #define PACKAGE_NAME "CoinUtils"
| #define PACKAGE_TARNAME "coinutils"
| #define PACKAGE_VERSION "2.11.10"
| #define PACKAGE_STRING "CoinUtils 2.11.10"
| #define PACKAGE_BUGREPORT "http://projects.coin-or.org/CoinUtils"
| #define COINUTILS_VERSION "2.11.10"
| #define COINUTILS_VERSION_MAJOR 2
| #define COINUTILS_VERSION_MINOR 11
| #define COINUTILS_VERSION_RELEASE 10
| #define COIN_COINUTILS_VERBOSITY 0
| #define COIN_COINUTILS_CHECKLEVEL 0
| /* end confdefs.h.  */
| 
| int
| main ()
| {
| exit (42);
|   ;
|   return 0;
| }
configure:3527: clang++ -c -g -O2  conftest.cc >&5
conftest.cc:15:17: error: use of undeclared identifier 'std'
extern "C" void std::exit (int) throw (); using std::exit;
                ^
conftest.cc:15:49: error: use of undeclared identifier 'std'
extern "C" void std::exit (int) throw (); using std::exit;
                                                ^
2 errors generated.
configure:3533: $? = 1
configure: failed program was:
| /* confdefs.h.  */
| 
| #define PACKAGE_NAME "CoinUtils"
| #define PACKAGE_TARNAME "coinutils"
| #define PACKAGE_VERSION "2.11.10"
| #define PACKAGE_STRING "CoinUtils 2.11.10"
| #define PACKAGE_BUGREPORT "http://projects.coin-or.org/CoinUtils"
| #define COINUTILS_VERSION "2.11.10"
| #define COINUTILS_VERSION_MAJOR 2
| #define COINUTILS_VERSION_MINOR 11
| #define COINUTILS_VERSION_RELEASE 10
| #define COIN_COINUTILS_VERBOSITY 0
| #define COIN_COINUTILS_CHECKLEVEL 0
| /* end confdefs.h.  */
| extern "C" void std::exit (int) throw (); using std::exit;
| #include <stdlib.h>
| int
| main ()
| {
| exit (42);
|   ;
|   return 0;
| }
configure:3527: clang++ -c -g -O2  conftest.cc >&5
conftest.cc:15:17: error: use of undeclared identifier 'std'
extern "C" void std::exit (int); using std::exit;
                ^
conftest.cc:15:40: error: use of undeclared identifier 'std'
extern "C" void std::exit (int); using std::exit;
                                       ^
2 errors generated.
configure:3533: $? = 1
configure: failed program was:
| /* confdefs.h.  */
| 
| #define PACKAGE_NAME "CoinUtils"
| #define PACKAGE_TARNAME "coinutils"
| #define PACKAGE_VERSION "2.11.10"
| #define PACKAGE_STRING "CoinUtils 2.11.10"
| #define PACKAGE_BUGREPORT "http://projects.coin-or.org/CoinUtils"
| #define COINUTILS_VERSION "2.11.10"
| #define COINUTILS_VERSION_MAJOR 2
| #define COINUTILS_VERSION_MINOR 11
| #define COINUTILS_VERSION_RELEASE 10
| #define COIN_COINUTILS_VERBOSITY 0
| #define COIN_COINUTILS_CHECKLEVEL 0
| /* end confdefs.h.  */
| extern "C" void std::exit (int); using std::exit;
| #include <stdlib.h>
| int
| main ()
| {
| exit (42);
|   ;
|   return 0;
| }
configure:3527: clang++ -c -g -O2  conftest.cc >&5
In file included from conftest.cc:16:
In file included from /Applications/Xcode.app/Contents/Developer/Platforms/MacOSX.platform/Developer/SDKs/MacOSX.sdk/usr/include/c++/v1/stdlib.h:94:
/Applications/Xcode.app/Contents/Developer/Platforms/MacOSX.platform/Developer/SDKs/MacOSX.sdk/usr/include/stdlib.h:145:7: error: 'exit' is missing exception specification 'throw()'
void     exit(int) __dead2;
         ^
conftest.cc:15:17: note: previous declaration is here
extern "C" void exit (int) throw ();
                ^
1 error generated.
configure:3533: $? = 1
configure: failed program was:
| /* confdefs.h.  */
| 
| #define PACKAGE_NAME "CoinUtils"
| #define PACKAGE_TARNAME "coinutils"
| #define PACKAGE_VERSION "2.11.10"
| #define PACKAGE_STRING "CoinUtils 2.11.10"
| #define PACKAGE_BUGREPORT "http://projects.coin-or.org/CoinUtils"
| #define COINUTILS_VERSION "2.11.10"
| #define COINUTILS_VERSION_MAJOR 2
| #define COINUTILS_VERSION_MINOR 11
| #define COINUTILS_VERSION_RELEASE 10
| #define COIN_COINUTILS_VERBOSITY 0
| #define COIN_COINUTILS_CHECKLEVEL 0
| /* end confdefs.h.  */
| extern "C" void exit (int) throw ();
| #include <stdlib.h>
| int
| main ()
| {
| exit (42);
|   ;
|   return 0;
| }
configure:3527: clang++ -c -g -O2  conftest.cc >&5
configure:3533: $? = 0
configure:3537: test -z 
			 || test ! -s conftest.err
configure:3540: $? = 0
configure:3543: test -s conftest.o
configure:3546: $? = 0
configure:3572: clang++ -c -g -O2  conftest.cc >&5
configure:3578: $? = 0
configure:3582: test -z 
			 || test ! -s conftest.err
configure:3585: $? = 0
configure:3588: test -s conftest.o
configure:3591: $? = 0
configure:3623: checking whether C++ compiler clang++ works
configure:3641: clang++ -c -g -O2  conftest.cc >&5
configure:3647: $? = 0
configure:3651: test -z 
			 || test ! -s conftest.err
configure:3654: $? = 0
configure:3657: test -s conftest.o
configure:3660: $? = 0
configure:3662: result: yes
configure:3983: clang++ -o conftest -O3 -pipe -DNDEBUG -Wparentheses -Wreturn-type -Wcast-qual -Wall -Wpointer-arith -Wwrite-strings -Wconversion -Wno-unknown-pragmas -Wno-long-long   -DCOINUTILS_BUILD   conftest.cc  >&5
conftest.cc:22:5: warning: variable 'i' set but not used [-Wunused-but-set-variable]
int i=0; i++;
    ^
1 warning generated.
configure:3989: $? = 0
configure:3993: test -z 
			 || test ! -s conftest.err
configure:3996: $? = 0
configure:3999: test -s conftest
configure:4002: $? = 0
configure:4069: C++ compiler options are: -O3 -pipe -DNDEBUG -Wparentheses -Wreturn-type -Wcast-qual -Wall -Wpointer-arith -Wwrite-strings -Wconversion -Wno-unknown-pragmas -Wno-long-long   -DCOINUTILS_BUILD
configure:4140: Trying to determine Fortran compiler name
configure:4189: checking for xlf_r
configure:4218: result: no
configure:4189: checking for fort77
configure:4218: result: no
configure:4189: checking for gfortran
configure:4205: found /opt/homebrew/bin/gfortran
configure:4215: result: gfortran
configure:4323: checking for Fortran 77 compiler version
configure:4326: gfortran --version </dev/null >&5
GNU Fortran (Homebrew GCC 13.2.0) 13.2.0
Copyright (C) 2023 Free Software Foundation, Inc.
This is free software; see the source for copying conditions.  There is NO
warranty; not even for MERCHANTABILITY or FITNESS FOR A PARTICULAR PURPOSE.

configure:4329: $? = 0
configure:4331: gfortran -v </dev/null >&5
Using built-in specs.
COLLECT_GCC=gfortran
COLLECT_LTO_WRAPPER=/opt/homebrew/Cellar/gcc/13.2.0/bin/../libexec/gcc/aarch64-apple-darwin23/13/lto-wrapper
Target: aarch64-apple-darwin23
Configured with: ../configure --prefix=/opt/homebrew/opt/gcc --libdir=/opt/homebrew/opt/gcc/lib/gcc/current --disable-nls --enable-checking=release --with-gcc-major-version-only --enable-languages=c,c++,objc,obj-c++,fortran --program-suffix=-13 --with-gmp=/opt/homebrew/opt/gmp --with-mpfr=/opt/homebrew/opt/mpfr --with-mpc=/opt/homebrew/opt/libmpc --with-isl=/opt/homebrew/opt/isl --with-zstd=/opt/homebrew/opt/zstd --with-pkgversion='Homebrew GCC 13.2.0' --with-bugurl=https://github.com/Homebrew/homebrew-core/issues --with-system-zlib --build=aarch64-apple-darwin23 --with-sysroot=/Library/Developer/CommandLineTools/SDKs/MacOSX14.sdk --with-ld=/Library/Developer/CommandLineTools/usr/bin/ld-classic
Thread model: posix
Supported LTO compression algorithms: zlib zstd
gcc version 13.2.0 (Homebrew GCC 13.2.0) 
configure:4334: $? = 0
configure:4336: gfortran -V </dev/null >&5
gfortran: error: unrecognized command-line option '-V'
gfortran: fatal error: no input files
compilation terminated.
configure:4339: $? = 1
configure:4347: checking whether we are using the GNU Fortran 77 compiler
configure:4361: gfortran -c  conftest.F >&5
configure:4367: $? = 0
configure:4371: test -z 
			 || test ! -s conftest.err
configure:4374: $? = 0
configure:4377: test -s conftest.o
configure:4380: $? = 0
configure:4393: result: yes
configure:4399: checking whether gfortran accepts -g
configure:4411: gfortran -c -g conftest.f >&5
configure:4417: $? = 0
configure:4421: test -z 
			 || test ! -s conftest.err
configure:4424: $? = 0
configure:4427: test -s conftest.o
configure:4430: $? = 0
configure:4442: result: yes
configure:4678: gfortran -o conftest -O3 -pipe    conftest.f  >&5
configure:4684: $? = 0
configure:4688: test -z 
			 || test ! -s conftest.err
configure:4691: $? = 0
configure:4694: test -s conftest
configure:4697: $? = 0
configure:4755: Fortran compiler options are: -O3 -pipe  
configure:4793: checking how to get verbose linking output from gfortran
configure:4804: gfortran -c -O3 -pipe   conftest.f >&5
configure:4810: $? = 0
configure:4814: test -z 
			 || test ! -s conftest.err
configure:4817: $? = 0
configure:4820: test -s conftest.o
configure:4823: $? = 0
configure:4840: gfortran -o conftest -O3 -pipe   -v  conftest.f  >&5
Using built-in specs.
COLLECT_GCC=gfortran
COLLECT_LTO_WRAPPER=/opt/homebrew/Cellar/gcc/13.2.0/bin/../libexec/gcc/aarch64-apple-darwin23/13/lto-wrapper
Target: aarch64-apple-darwin23
Configured with: ../configure --prefix=/opt/homebrew/opt/gcc --libdir=/opt/homebrew/opt/gcc/lib/gcc/current --disable-nls --enable-checking=release --with-gcc-major-version-only --enable-languages=c,c++,objc,obj-c++,fortran --program-suffix=-13 --with-gmp=/opt/homebrew/opt/gmp --with-mpfr=/opt/homebrew/opt/mpfr --with-mpc=/opt/homebrew/opt/libmpc --with-isl=/opt/homebrew/opt/isl --with-zstd=/opt/homebrew/opt/zstd --with-pkgversion='Homebrew GCC 13.2.0' --with-bugurl=https://github.com/Homebrew/homebrew-core/issues --with-system-zlib --build=aarch64-apple-darwin23 --with-sysroot=/Library/Developer/CommandLineTools/SDKs/MacOSX14.sdk --with-ld=/Library/Developer/CommandLineTools/usr/bin/ld-classic
Thread model: posix
Supported LTO compression algorithms: zlib zstd
gcc version 13.2.0 (Homebrew GCC 13.2.0) 
COLLECT_GCC_OPTIONS='-o' 'conftest' '-O3' '-pipe' '-v' '-mmacosx-version-min=14.0.0'  '-nodefaultexport' '-mlittle-endian' '-mabi=lp64'
 /opt/homebrew/Cellar/gcc/13.2.0/bin/../libexec/gcc/aarch64-apple-darwin23/13/f951 conftest.f -ffixed-form -fPIC -quiet -dumpbase conftest.f -dumpbase-ext .f -mmacosx-version-min=14.0.0 -mlittle-endian -mabi=lp64 -O3 -version -fintrinsic-modules-path /opt/homebrew/Cellar/gcc/13.2.0/bin/../lib/gcc/current/gcc/aarch64-apple-darwin23/13/finclude -o - |
 as -arch arm64 -v -mmacosx-version-min=14.0 -o /var/folders/fh/t588ws890x364_bks80l9bh80000gn/T//cckiM8LX.o
GNU Fortran (Homebrew GCC 13.2.0) version 13.2.0 (aarch64-apple-darwin23)
	compiled by GNU C version 13.2.0, GMP version 6.2.1, MPFR version 4.2.0-p12, MPC version 1.3.1, isl version isl-0.26-GMP

warning: GMP header version 6.2.1 differs from library version 6.3.0.
warning: MPFR header version 4.2.0-p12 differs from library version 4.2.1.
GGC heuristics: --param ggc-min-expand=100 --param ggc-min-heapsize=131072
Apple clang version 15.0.0 (clang-1500.0.40.1)
Target: arm64-apple-darwin23.0.0
Thread model: posix
InstalledDir: /Applications/Xcode.app/Contents/Developer/Toolchains/XcodeDefault.xctoolchain/usr/bin
 "/Applications/Xcode.app/Contents/Developer/Toolchains/XcodeDefault.xctoolchain/usr/bin/clang" -cc1as -triple arm64-apple-macosx14.0.0 -filetype obj -main-file-name - -target-cpu apple-m1 -target-feature +v8.5a -target-feature +crc -target-feature +lse -target-feature +rdm -target-feature +crypto -target-feature +dotprod -target-feature +fp-armv8 -target-feature +neon -target-feature +fp16fml -target-feature +ras -target-feature +rcpc -target-feature +zcm -target-feature +zcz -target-feature +fullfp16 -target-feature +sm4 -target-feature +sha3 -target-feature +sha2 -target-feature +aes -fdebug-compilation-dir=/Users/ssmehta/Documents/Forecasting/RustAttempt/portfolio_optimization/target/CoinUtils/2.11.10 -dwarf-debug-producer "Apple clang version 15.0.0 (clang-1500.0.40.1)" -dwarf-version=4 -mrelocation-model pic --mrelax-relocations -mllvm -disable-aligned-alloc-awareness=1 -o /var/folders/fh/t588ws890x364_bks80l9bh80000gn/T//cckiM8LX.o -
Reading specs from /opt/homebrew/Cellar/gcc/13.2.0/bin/../lib/gcc/current/gcc/aarch64-apple-darwin23/13/../../../libgfortran.spec
rename spec lib to liborig
COLLECT_GCC_OPTIONS='-o' 'conftest' '-O3' '-pipe' '-v' '-mmacosx-version-min=14.0.0'  '-nodefaultexport' '-mlittle-endian' '-mabi=lp64'
COMPILER_PATH=/opt/homebrew/Cellar/gcc/13.2.0/bin/../libexec/gcc/aarch64-apple-darwin23/13/:/opt/homebrew/Cellar/gcc/13.2.0/bin/../libexec/gcc/
LIBRARY_PATH=/opt/homebrew/Cellar/gcc/13.2.0/bin/../lib/gcc/current/gcc/aarch64-apple-darwin23/13/:/opt/homebrew/Cellar/gcc/13.2.0/bin/../lib/gcc/current/gcc/:/opt/homebrew/Cellar/gcc/13.2.0/bin/../lib/gcc/current/gcc/aarch64-apple-darwin23/13/../../../
COLLECT_GCC_OPTIONS='-o' 'conftest' '-O3' '-pipe' '-v' '-mmacosx-version-min=14.0.0'  '-nodefaultexport' '-mlittle-endian' '-mabi=lp64' '-dumpdir' 'conftest.'
 /opt/homebrew/Cellar/gcc/13.2.0/bin/../libexec/gcc/aarch64-apple-darwin23/13/collect2 -syslibroot /Library/Developer/CommandLineTools/SDKs/MacOSX14.sdk/ -dynamic -arch arm64 -platform_version macos 14.0.0 0.0 -o conftest -L/opt/homebrew/Cellar/gcc/13.2.0/bin/../lib/gcc/current/gcc/aarch64-apple-darwin23/13 -L/opt/homebrew/Cellar/gcc/13.2.0/bin/../lib/gcc/current/gcc -L/opt/homebrew/Cellar/gcc/13.2.0/bin/../lib/gcc/current/gcc/aarch64-apple-darwin23/13/../../.. /var/folders/fh/t588ws890x364_bks80l9bh80000gn/T//cckiM8LX.o -lgfortran -lemutls_w -lgcc -lquadmath -lemutls_w -lgcc -lSystem -lgcc -no_compact_unwind -rpath @loader_path -rpath /opt/homebrew/Cellar/gcc/13.2.0/lib/gcc/current/gcc/aarch64-apple-darwin23/13 -rpath /opt/homebrew/Cellar/gcc/13.2.0/lib/gcc/current/gcc -rpath /opt/homebrew/Cellar/gcc/13.2.0/lib/gcc/current
configure:4895: result: -v
configure:4897: checking for Fortran libraries of gfortran
configure:4918: gfortran -o conftest -O3 -pipe   -v  conftest.f  >&5
Using built-in specs.
COLLECT_GCC=gfortran
COLLECT_LTO_WRAPPER=/opt/homebrew/Cellar/gcc/13.2.0/bin/../libexec/gcc/aarch64-apple-darwin23/13/lto-wrapper
Target: aarch64-apple-darwin23
Configured with: ../configure --prefix=/opt/homebrew/opt/gcc --libdir=/opt/homebrew/opt/gcc/lib/gcc/current --disable-nls --enable-checking=release --with-gcc-major-version-only --enable-languages=c,c++,objc,obj-c++,fortran --program-suffix=-13 --with-gmp=/opt/homebrew/opt/gmp --with-mpfr=/opt/homebrew/opt/mpfr --with-mpc=/opt/homebrew/opt/libmpc --with-isl=/opt/homebrew/opt/isl --with-zstd=/opt/homebrew/opt/zstd --with-pkgversion='Homebrew GCC 13.2.0' --with-bugurl=https://github.com/Homebrew/homebrew-core/issues --with-system-zlib --build=aarch64-apple-darwin23 --with-sysroot=/Library/Developer/CommandLineTools/SDKs/MacOSX14.sdk --with-ld=/Library/Developer/CommandLineTools/usr/bin/ld-classic
Thread model: posix
Supported LTO compression algorithms: zlib zstd
gcc version 13.2.0 (Homebrew GCC 13.2.0) 
COLLECT_GCC_OPTIONS='-o' 'conftest' '-O3' '-pipe' '-v' '-mmacosx-version-min=14.0.0'  '-nodefaultexport' '-mlittle-endian' '-mabi=lp64'
 /opt/homebrew/Cellar/gcc/13.2.0/bin/../libexec/gcc/aarch64-apple-darwin23/13/f951 conftest.f -ffixed-form -fPIC -quiet -dumpbase conftest.f -dumpbase-ext .f -mmacosx-version-min=14.0.0 -mlittle-endian -mabi=lp64 -O3 -version -fintrinsic-modules-path /opt/homebrew/Cellar/gcc/13.2.0/bin/../lib/gcc/current/gcc/aarch64-apple-darwin23/13/finclude -o - |
 as -arch arm64 -v -mmacosx-version-min=14.0 -o /var/folders/fh/t588ws890x364_bks80l9bh80000gn/T//ccSYbQV0.o
GNU Fortran (Homebrew GCC 13.2.0) version 13.2.0 (aarch64-apple-darwin23)
	compiled by GNU C version 13.2.0, GMP version 6.2.1, MPFR version 4.2.0-p12, MPC version 1.3.1, isl version isl-0.26-GMP

warning: GMP header version 6.2.1 differs from library version 6.3.0.
warning: MPFR header version 4.2.0-p12 differs from library version 4.2.1.
GGC heuristics: --param ggc-min-expand=100 --param ggc-min-heapsize=131072
Apple clang version 15.0.0 (clang-1500.0.40.1)
Target: arm64-apple-darwin23.0.0
Thread model: posix
InstalledDir: /Applications/Xcode.app/Contents/Developer/Toolchains/XcodeDefault.xctoolchain/usr/bin
 "/Applications/Xcode.app/Contents/Developer/Toolchains/XcodeDefault.xctoolchain/usr/bin/clang" -cc1as -triple arm64-apple-macosx14.0.0 -filetype obj -main-file-name - -target-cpu apple-m1 -target-feature +v8.5a -target-feature +crc -target-feature +lse -target-feature +rdm -target-feature +crypto -target-feature +dotprod -target-feature +fp-armv8 -target-feature +neon -target-feature +fp16fml -target-feature +ras -target-feature +rcpc -target-feature +zcm -target-feature +zcz -target-feature +fullfp16 -target-feature +sm4 -target-feature +sha3 -target-feature +sha2 -target-feature +aes -fdebug-compilation-dir=/Users/ssmehta/Documents/Forecasting/RustAttempt/portfolio_optimization/target/CoinUtils/2.11.10 -dwarf-debug-producer "Apple clang version 15.0.0 (clang-1500.0.40.1)" -dwarf-version=4 -mrelocation-model pic --mrelax-relocations -mllvm -disable-aligned-alloc-awareness=1 -o /var/folders/fh/t588ws890x364_bks80l9bh80000gn/T//ccSYbQV0.o -
Reading specs from /opt/homebrew/Cellar/gcc/13.2.0/bin/../lib/gcc/current/gcc/aarch64-apple-darwin23/13/../../../libgfortran.spec
rename spec lib to liborig
COLLECT_GCC_OPTIONS='-o' 'conftest' '-O3' '-pipe' '-v' '-mmacosx-version-min=14.0.0'  '-nodefaultexport' '-mlittle-endian' '-mabi=lp64'
COMPILER_PATH=/opt/homebrew/Cellar/gcc/13.2.0/bin/../libexec/gcc/aarch64-apple-darwin23/13/:/opt/homebrew/Cellar/gcc/13.2.0/bin/../libexec/gcc/
LIBRARY_PATH=/opt/homebrew/Cellar/gcc/13.2.0/bin/../lib/gcc/current/gcc/aarch64-apple-darwin23/13/:/opt/homebrew/Cellar/gcc/13.2.0/bin/../lib/gcc/current/gcc/:/opt/homebrew/Cellar/gcc/13.2.0/bin/../lib/gcc/current/gcc/aarch64-apple-darwin23/13/../../../
COLLECT_GCC_OPTIONS='-o' 'conftest' '-O3' '-pipe' '-v' '-mmacosx-version-min=14.0.0'  '-nodefaultexport' '-mlittle-endian' '-mabi=lp64' '-dumpdir' 'conftest.'
 /opt/homebrew/Cellar/gcc/13.2.0/bin/../libexec/gcc/aarch64-apple-darwin23/13/collect2 -syslibroot /Library/Developer/CommandLineTools/SDKs/MacOSX14.sdk/ -dynamic -arch arm64 -platform_version macos 14.0.0 0.0 -o conftest -L/opt/homebrew/Cellar/gcc/13.2.0/bin/../lib/gcc/current/gcc/aarch64-apple-darwin23/13 -L/opt/homebrew/Cellar/gcc/13.2.0/bin/../lib/gcc/current/gcc -L/opt/homebrew/Cellar/gcc/13.2.0/bin/../lib/gcc/current/gcc/aarch64-apple-darwin23/13/../../.. /var/folders/fh/t588ws890x364_bks80l9bh80000gn/T//ccSYbQV0.o -lgfortran -lemutls_w -lgcc -lquadmath -lemutls_w -lgcc -lSystem -lgcc -no_compact_unwind -rpath @loader_path -rpath /opt/homebrew/Cellar/gcc/13.2.0/lib/gcc/current/gcc/aarch64-apple-darwin23/13 -rpath /opt/homebrew/Cellar/gcc/13.2.0/lib/gcc/current/gcc -rpath /opt/homebrew/Cellar/gcc/13.2.0/lib/gcc/current
configure:5079: result:  -L/opt/homebrew/Cellar/gcc/13.2.0/bin/../lib/gcc/current/gcc/aarch64-apple-darwin23/13 -L/opt/homebrew/Cellar/gcc/13.2.0/bin/../lib/gcc/current/gcc -L/opt/homebrew/Cellar/gcc/13.2.0/bin/../lib/gcc/current/gcc/aarch64-apple-darwin23/13/../../.. -lgfortran -lemutls_w -lquadmath -lSystem
configure:5155: checking for dummy main to link with Fortran libraries
configure:5194: clang -o conftest -O3 -pipe -DNDEBUG -Wimplicit -Wparentheses -Wsequence-point -Wreturn-type -Wcast-qual -Wall -Wno-unknown-pragmas -Wno-long-long   -DCOINUTILS_BUILD   conftest.c   -L/opt/homebrew/Cellar/gcc/13.2.0/bin/../lib/gcc/current/gcc/aarch64-apple-darwin23/13 -L/opt/homebrew/Cellar/gcc/13.2.0/bin/../lib/gcc/current/gcc -L/opt/homebrew/Cellar/gcc/13.2.0/bin/../lib/gcc/current/gcc/aarch64-apple-darwin23/13/../../.. -lgfortran -lemutls_w -lquadmath -lSystem >&5
ld: warning: ignoring duplicate libraries: '-lSystem'
configure:5200: $? = 0
configure:5204: test -z 
			 || test ! -s conftest.err
configure:5207: $? = 0
configure:5210: test -s conftest
configure:5213: $? = 0
configure:5291: result: none
configure:5327: checking for Fortran name-mangling scheme
configure:5341: gfortran -c -O3 -pipe   conftest.f >&5
configure:5347: $? = 0
configure:5351: test -z 
			 || test ! -s conftest.err
configure:5354: $? = 0
configure:5357: test -s conftest.o
configure:5360: $? = 0
configure:5407: clang -o conftest -O3 -pipe -DNDEBUG -Wimplicit -Wparentheses -Wsequence-point -Wreturn-type -Wcast-qual -Wall -Wno-unknown-pragmas -Wno-long-long   -DCOINUTILS_BUILD   conftest.c cfortran_test.o   -L/opt/homebrew/Cellar/gcc/13.2.0/bin/../lib/gcc/current/gcc/aarch64-apple-darwin23/13 -L/opt/homebrew/Cellar/gcc/13.2.0/bin/../lib/gcc/current/gcc -L/opt/homebrew/Cellar/gcc/13.2.0/bin/../lib/gcc/current/gcc/aarch64-apple-darwin23/13/../../.. -lgfortran -lemutls_w -lquadmath -lSystem >&5
ld: warning: ignoring duplicate libraries: '-lSystem'
ld: Undefined symbols:
  _foobar, referenced from:
      _main in conftest-f8b2f9.o
clang: error: linker command failed with exit code 1 (use -v to see invocation)
configure:5413: $? = 1
configure: failed program was:
| /* confdefs.h.  */
| 
| #define PACKAGE_NAME "CoinUtils"
| #define PACKAGE_TARNAME "coinutils"
| #define PACKAGE_VERSION "2.11.10"
| #define PACKAGE_STRING "CoinUtils 2.11.10"
| #define PACKAGE_BUGREPORT "http://projects.coin-or.org/CoinUtils"
| #define COINUTILS_VERSION "2.11.10"
| #define COINUTILS_VERSION_MAJOR 2
| #define COINUTILS_VERSION_MINOR 11
| #define COINUTILS_VERSION_RELEASE 10
| #define COIN_COINUTILS_VERBOSITY 0
| #define COIN_COINUTILS_CHECKLEVEL 0
| #ifdef __cplusplus
| extern "C" void exit (int);
| #endif
| /* end confdefs.h.  */
| 
| /* Override any gcc2 internal prototype to avoid an error.  */
| #ifdef __cplusplus
| extern "C"
| #endif
| /* We use char because int might match the return type of a gcc2
|    builtin and then its argument prototype would still apply.  */
| char foobar ();
| #ifdef F77_DUMMY_MAIN
| 
| #  ifdef __cplusplus
|      extern "C"
| #  endif
|    int F77_DUMMY_MAIN() { return 1; }
| 
| #endif
| int
| main ()
| {
| foobar ();
|   ;
|   return 0;
| }
configure:5407: clang -o conftest -O3 -pipe -DNDEBUG -Wimplicit -Wparentheses -Wsequence-point -Wreturn-type -Wcast-qual -Wall -Wno-unknown-pragmas -Wno-long-long   -DCOINUTILS_BUILD   conftest.c cfortran_test.o   -L/opt/homebrew/Cellar/gcc/13.2.0/bin/../lib/gcc/current/gcc/aarch64-apple-darwin23/13 -L/opt/homebrew/Cellar/gcc/13.2.0/bin/../lib/gcc/current/gcc -L/opt/homebrew/Cellar/gcc/13.2.0/bin/../lib/gcc/current/gcc/aarch64-apple-darwin23/13/../../.. -lgfortran -lemutls_w -lquadmath -lSystem >&5
ld: warning: ignoring duplicate libraries: '-lSystem'
configure:5413: $? = 0
configure:5417: test -z 
			 || test ! -s conftest.err
configure:5420: $? = 0
configure:5423: test -s conftest
configure:5426: $? = 0
configure:5494: clang -o conftest -O3 -pipe -DNDEBUG -Wimplicit -Wparentheses -Wsequence-point -Wreturn-type -Wcast-qual -Wall -Wno-unknown-pragmas -Wno-long-long   -DCOINUTILS_BUILD   conftest.c cfortran_test.o   -L/opt/homebrew/Cellar/gcc/13.2.0/bin/../lib/gcc/current/gcc/aarch64-apple-darwin23/13 -L/opt/homebrew/Cellar/gcc/13.2.0/bin/../lib/gcc/current/gcc -L/opt/homebrew/Cellar/gcc/13.2.0/bin/../lib/gcc/current/gcc/aarch64-apple-darwin23/13/../../.. -lgfortran -lemutls_w -lquadmath -lSystem >&5
ld: warning: ignoring duplicate libraries: '-lSystem'
configure:5500: $? = 0
configure:5504: test -z 
			 || test ! -s conftest.err
configure:5507: $? = 0
configure:5510: test -s conftest
configure:5513: $? = 0
configure:5563: result: lower case, underscore, no extra underscore
configure:5770: checking for egrep
configure:5780: result: grep -E
configure:5785: checking whether ln -s works
configure:5789: result: yes
configure:5810: checking for a BSD-compatible install
configure:5865: result: /usr/bin/install -c
configure:5876: checking whether build environment is sane
configure:5919: result: yes
configure:5984: checking for gawk
configure:6013: result: no
configure:5984: checking for mawk
configure:6013: result: no
configure:5984: checking for nawk
configure:6013: result: no
configure:5984: checking for awk
configure:6000: found /usr/bin/awk
configure:6010: result: awk
configure:6020: checking whether make sets $(MAKE)
configure:6040: result: yes
configure:6070: checking for style of include used by make
configure:6098: result: GNU
configure:6279: checking dependency style of clang
configure:6369: result: none
configure:6388: checking dependency style of clang++
configure:6478: result: none
configure:6496: checking whether to enable maintainer-specific portions of Makefiles
configure:6505: result: no
configure:6953: checking host system type
configure:6967: result: arm-apple-darwin23.0.0
configure:6975: checking for a sed that does not truncate output
configure:7029: result: /usr/bin/sed
configure:7043: checking for ld used by clang
configure:7110: result: /Applications/Xcode.app/Contents/Developer/Toolchains/XcodeDefault.xctoolchain/usr/bin/ld
configure:7119: checking if the linker (/Applications/Xcode.app/Contents/Developer/Toolchains/XcodeDefault.xctoolchain/usr/bin/ld) is GNU ld
configure:7134: result: no
configure:7139: checking for /Applications/Xcode.app/Contents/Developer/Toolchains/XcodeDefault.xctoolchain/usr/bin/ld option to reload object files
configure:7146: result: -r
configure:7164: checking for BSD-compatible nm
configure:7213: result: /usr/bin/nm -B
configure:7217: checking how to recognise dependent libraries
configure:7393: result: pass_all
configure:7637: checking how to run the C preprocessor
configure:7672: clang -E  conftest.c
configure:7678: $? = 0
configure:7710: clang -E  conftest.c
conftest.c:22:10: fatal error: 'ac_nonexistent.h' file not found
#include <ac_nonexistent.h>
         ^~~~~~~~~~~~~~~~~~
1 error generated.
configure:7716: $? = 1
configure: failed program was:
| /* confdefs.h.  */
| 
| #define PACKAGE_NAME "CoinUtils"
| #define PACKAGE_TARNAME "coinutils"
| #define PACKAGE_VERSION "2.11.10"
| #define PACKAGE_STRING "CoinUtils 2.11.10"
| #define PACKAGE_BUGREPORT "http://projects.coin-or.org/CoinUtils"
| #define COINUTILS_VERSION "2.11.10"
| #define COINUTILS_VERSION_MAJOR 2
| #define COINUTILS_VERSION_MINOR 11
| #define COINUTILS_VERSION_RELEASE 10
| #define COIN_COINUTILS_VERBOSITY 0
| #define COIN_COINUTILS_CHECKLEVEL 0
| #ifdef __cplusplus
| extern "C" void exit (int);
| #endif
| #define F77_FUNC(name,NAME) name ## _
| #define F77_FUNC_(name,NAME) name ## _
| #define PACKAGE "coinutils"
| #define VERSION "2.11.10"
| /* end confdefs.h.  */
| #include <ac_nonexistent.h>
configure:7755: result: clang -E
configure:7779: clang -E  conftest.c
configure:7785: $? = 0
configure:7817: clang -E  conftest.c
conftest.c:22:10: fatal error: 'ac_nonexistent.h' file not found
#include <ac_nonexistent.h>
         ^~~~~~~~~~~~~~~~~~
1 error generated.
configure:7823: $? = 1
configure: failed program was:
| /* confdefs.h.  */
| 
| #define PACKAGE_NAME "CoinUtils"
| #define PACKAGE_TARNAME "coinutils"
| #define PACKAGE_VERSION "2.11.10"
| #define PACKAGE_STRING "CoinUtils 2.11.10"
| #define PACKAGE_BUGREPORT "http://projects.coin-or.org/CoinUtils"
| #define COINUTILS_VERSION "2.11.10"
| #define COINUTILS_VERSION_MAJOR 2
| #define COINUTILS_VERSION_MINOR 11
| #define COINUTILS_VERSION_RELEASE 10
| #define COIN_COINUTILS_VERBOSITY 0
| #define COIN_COINUTILS_CHECKLEVEL 0
| #ifdef __cplusplus
| extern "C" void exit (int);
| #endif
| #define F77_FUNC(name,NAME) name ## _
| #define F77_FUNC_(name,NAME) name ## _
| #define PACKAGE "coinutils"
| #define VERSION "2.11.10"
| /* end confdefs.h.  */
| #include <ac_nonexistent.h>
configure:7867: checking for ANSI C header files
configure:7900: clang -c -O3 -pipe -DNDEBUG -Wimplicit -Wparentheses -Wsequence-point -Wreturn-type -Wcast-qual -Wall -Wno-unknown-pragmas -Wno-long-long   -DCOINUTILS_BUILD  conftest.c >&5
configure:7906: $? = 0
configure:7910: test -z 
			 || test ! -s conftest.err
configure:7913: $? = 0
configure:7916: test -s conftest.o
configure:7919: $? = 0
configure:8008: clang -o conftest -O3 -pipe -DNDEBUG -Wimplicit -Wparentheses -Wsequence-point -Wreturn-type -Wcast-qual -Wall -Wno-unknown-pragmas -Wno-long-long   -DCOINUTILS_BUILD   conftest.c  >&5
conftest.c:39:7: error: call to undeclared library function 'exit' with type 'void (int) __attribute__((noreturn))'; ISO C99 and later do not support implicit function declarations [-Wimplicit-function-declaration]
      exit(2);
      ^
conftest.c:39:7: note: include the header <stdlib.h> or explicitly provide a declaration for 'exit'
1 error generated.
configure:8011: $? = 1
configure: program exited with status 1
configure: failed program was:
| /* confdefs.h.  */
| 
| #define PACKAGE_NAME "CoinUtils"
| #define PACKAGE_TARNAME "coinutils"
| #define PACKAGE_VERSION "2.11.10"
| #define PACKAGE_STRING "CoinUtils 2.11.10"
| #define PACKAGE_BUGREPORT "http://projects.coin-or.org/CoinUtils"
| #define COINUTILS_VERSION "2.11.10"
| #define COINUTILS_VERSION_MAJOR 2
| #define COINUTILS_VERSION_MINOR 11
| #define COINUTILS_VERSION_RELEASE 10
| #define COIN_COINUTILS_VERBOSITY 0
| #define COIN_COINUTILS_CHECKLEVEL 0
| #ifdef __cplusplus
| extern "C" void exit (int);
| #endif
| #define F77_FUNC(name,NAME) name ## _
| #define F77_FUNC_(name,NAME) name ## _
| #define PACKAGE "coinutils"
| #define VERSION "2.11.10"
| /* end confdefs.h.  */
| #include <ctype.h>
| #if ((' ' & 0x0FF) == 0x020)
| # define ISLOWER(c) ('a' <= (c) && (c) <= 'z')
| # define TOUPPER(c) (ISLOWER(c) ? 'A' + ((c) - 'a') : (c))
| #else
| # define ISLOWER(c) 		   (('a' <= (c) && (c) <= 'i') 		     || ('j' <= (c) && (c) <= 'r') 		     || ('s' <= (c) && (c) <= 'z'))
| # define TOUPPER(c) (ISLOWER(c) ? ((c) | 0x40) : (c))
| #endif
| 
| #define XOR(e, f) (((e) && !(f)) || (!(e) && (f)))
| int
| main ()
| {
|   int i;
|   for (i = 0; i < 256; i++)
|     if (XOR (islower (i), ISLOWER (i))
| 	|| toupper (i) != TOUPPER (i))
|       exit(2);
|   exit (0);
| }
configure:8031: result: no
configure:8055: checking for sys/types.h
configure:8071: clang -c -O3 -pipe -DNDEBUG -Wimplicit -Wparentheses -Wsequence-point -Wreturn-type -Wcast-qual -Wall -Wno-unknown-pragmas -Wno-long-long   -DCOINUTILS_BUILD  conftest.c >&5
configure:8077: $? = 0
configure:8081: test -z 
			 || test ! -s conftest.err
configure:8084: $? = 0
configure:8087: test -s conftest.o
configure:8090: $? = 0
configure:8101: result: yes
configure:8055: checking for sys/stat.h
configure:8071: clang -c -O3 -pipe -DNDEBUG -Wimplicit -Wparentheses -Wsequence-point -Wreturn-type -Wcast-qual -Wall -Wno-unknown-pragmas -Wno-long-long   -DCOINUTILS_BUILD  conftest.c >&5
configure:8077: $? = 0
configure:8081: test -z 
			 || test ! -s conftest.err
configure:8084: $? = 0
configure:8087: test -s conftest.o
configure:8090: $? = 0
configure:8101: result: yes
configure:8055: checking for stdlib.h
configure:8071: clang -c -O3 -pipe -DNDEBUG -Wimplicit -Wparentheses -Wsequence-point -Wreturn-type -Wcast-qual -Wall -Wno-unknown-pragmas -Wno-long-long   -DCOINUTILS_BUILD  conftest.c >&5
configure:8077: $? = 0
configure:8081: test -z 
			 || test ! -s conftest.err
configure:8084: $? = 0
configure:8087: test -s conftest.o
configure:8090: $? = 0
configure:8101: result: yes
configure:8055: checking for string.h
configure:8071: clang -c -O3 -pipe -DNDEBUG -Wimplicit -Wparentheses -Wsequence-point -Wreturn-type -Wcast-qual -Wall -Wno-unknown-pragmas -Wno-long-long   -DCOINUTILS_BUILD  conftest.c >&5
configure:8077: $? = 0
configure:8081: test -z 
			 || test ! -s conftest.err
configure:8084: $? = 0
configure:8087: test -s conftest.o
configure:8090: $? = 0
configure:8101: result: yes
configure:8055: checking for memory.h
configure:8071: clang -c -O3 -pipe -DNDEBUG -Wimplicit -Wparentheses -Wsequence-point -Wreturn-type -Wcast-qual -Wall -Wno-unknown-pragmas -Wno-long-long   -DCOINUTILS_BUILD  conftest.c >&5
configure:8077: $? = 0
configure:8081: test -z 
			 || test ! -s conftest.err
configure:8084: $? = 0
configure:8087: test -s conftest.o
configure:8090: $? = 0
configure:8101: result: yes
configure:8055: checking for strings.h
configure:8071: clang -c -O3 -pipe -DNDEBUG -Wimplicit -Wparentheses -Wsequence-point -Wreturn-type -Wcast-qual -Wall -Wno-unknown-pragmas -Wno-long-long   -DCOINUTILS_BUILD  conftest.c >&5
configure:8077: $? = 0
configure:8081: test -z 
			 || test ! -s conftest.err
configure:8084: $? = 0
configure:8087: test -s conftest.o
configure:8090: $? = 0
configure:8101: result: yes
configure:8055: checking for inttypes.h
configure:8071: clang -c -O3 -pipe -DNDEBUG -Wimplicit -Wparentheses -Wsequence-point -Wreturn-type -Wcast-qual -Wall -Wno-unknown-pragmas -Wno-long-long   -DCOINUTILS_BUILD  conftest.c >&5
configure:8077: $? = 0
configure:8081: test -z 
			 || test ! -s conftest.err
configure:8084: $? = 0
configure:8087: test -s conftest.o
configure:8090: $? = 0
configure:8101: result: yes
configure:8055: checking for stdint.h
configure:8071: clang -c -O3 -pipe -DNDEBUG -Wimplicit -Wparentheses -Wsequence-point -Wreturn-type -Wcast-qual -Wall -Wno-unknown-pragmas -Wno-long-long   -DCOINUTILS_BUILD  conftest.c >&5
configure:8077: $? = 0
configure:8081: test -z 
			 || test ! -s conftest.err
configure:8084: $? = 0
configure:8087: test -s conftest.o
configure:8090: $? = 0
configure:8101: result: yes
configure:8055: checking for unistd.h
configure:8071: clang -c -O3 -pipe -DNDEBUG -Wimplicit -Wparentheses -Wsequence-point -Wreturn-type -Wcast-qual -Wall -Wno-unknown-pragmas -Wno-long-long   -DCOINUTILS_BUILD  conftest.c >&5
configure:8077: $? = 0
configure:8081: test -z 
			 || test ! -s conftest.err
configure:8084: $? = 0
configure:8087: test -s conftest.o
configure:8090: $? = 0
configure:8101: result: yes
configure:8127: checking dlfcn.h usability
configure:8139: clang -c -O3 -pipe -DNDEBUG -Wimplicit -Wparentheses -Wsequence-point -Wreturn-type -Wcast-qual -Wall -Wno-unknown-pragmas -Wno-long-long   -DCOINUTILS_BUILD  conftest.c >&5
configure:8145: $? = 0
configure:8149: test -z 
			 || test ! -s conftest.err
configure:8152: $? = 0
configure:8155: test -s conftest.o
configure:8158: $? = 0
configure:8168: result: yes
configure:8172: checking dlfcn.h presence
configure:8182: clang -E  conftest.c
configure:8188: $? = 0
configure:8208: result: yes
configure:8243: checking for dlfcn.h
configure:8250: result: yes
configure:8273: checking how to run the C++ preprocessor
configure:8304: clang++ -E  conftest.cc
configure:8310: $? = 0
configure:8342: clang++ -E  conftest.cc
conftest.cc:32:10: fatal error: 'ac_nonexistent.h' file not found
#include <ac_nonexistent.h>
         ^~~~~~~~~~~~~~~~~~
1 error generated.
configure:8348: $? = 1
configure: failed program was:
| /* confdefs.h.  */
| 
| #define PACKAGE_NAME "CoinUtils"
| #define PACKAGE_TARNAME "coinutils"
| #define PACKAGE_VERSION "2.11.10"
| #define PACKAGE_STRING "CoinUtils 2.11.10"
| #define PACKAGE_BUGREPORT "http://projects.coin-or.org/CoinUtils"
| #define COINUTILS_VERSION "2.11.10"
| #define COINUTILS_VERSION_MAJOR 2
| #define COINUTILS_VERSION_MINOR 11
| #define COINUTILS_VERSION_RELEASE 10
| #define COIN_COINUTILS_VERBOSITY 0
| #define COIN_COINUTILS_CHECKLEVEL 0
| #ifdef __cplusplus
| extern "C" void exit (int);
| #endif
| #define F77_FUNC(name,NAME) name ## _
| #define F77_FUNC_(name,NAME) name ## _
| #define PACKAGE "coinutils"
| #define VERSION "2.11.10"
| #define HAVE_SYS_TYPES_H 1
| #define HAVE_SYS_STAT_H 1
| #define HAVE_STDLIB_H 1
| #define HAVE_STRING_H 1
| #define HAVE_MEMORY_H 1
| #define HAVE_STRINGS_H 1
| #define HAVE_INTTYPES_H 1
| #define HAVE_STDINT_H 1
| #define HAVE_UNISTD_H 1
| #define HAVE_DLFCN_H 1
| /* end confdefs.h.  */
| #include <ac_nonexistent.h>
configure:8387: result: clang++ -E
configure:8411: clang++ -E  conftest.cc
configure:8417: $? = 0
configure:8449: clang++ -E  conftest.cc
conftest.cc:32:10: fatal error: 'ac_nonexistent.h' file not found
#include <ac_nonexistent.h>
         ^~~~~~~~~~~~~~~~~~
1 error generated.
configure:8455: $? = 1
configure: failed program was:
| /* confdefs.h.  */
| 
| #define PACKAGE_NAME "CoinUtils"
| #define PACKAGE_TARNAME "coinutils"
| #define PACKAGE_VERSION "2.11.10"
| #define PACKAGE_STRING "CoinUtils 2.11.10"
| #define PACKAGE_BUGREPORT "http://projects.coin-or.org/CoinUtils"
| #define COINUTILS_VERSION "2.11.10"
| #define COINUTILS_VERSION_MAJOR 2
| #define COINUTILS_VERSION_MINOR 11
| #define COINUTILS_VERSION_RELEASE 10
| #define COIN_COINUTILS_VERBOSITY 0
| #define COIN_COINUTILS_CHECKLEVEL 0
| #ifdef __cplusplus
| extern "C" void exit (int);
| #endif
| #define F77_FUNC(name,NAME) name ## _
| #define F77_FUNC_(name,NAME) name ## _
| #define PACKAGE "coinutils"
| #define VERSION "2.11.10"
| #define HAVE_SYS_TYPES_H 1
| #define HAVE_SYS_STAT_H 1
| #define HAVE_STDLIB_H 1
| #define HAVE_STRING_H 1
| #define HAVE_MEMORY_H 1
| #define HAVE_STRINGS_H 1
| #define HAVE_INTTYPES_H 1
| #define HAVE_STDINT_H 1
| #define HAVE_UNISTD_H 1
| #define HAVE_DLFCN_H 1
| /* end confdefs.h.  */
| #include <ac_nonexistent.h>
configure:8504: checking the maximum length of command line arguments
configure:8613: result: 786432
configure:8624: checking command to parse /usr/bin/nm -B output from clang object
configure:8729: clang++ -c -O3 -pipe -DNDEBUG -Wparentheses -Wreturn-type -Wcast-qual -Wall -Wpointer-arith -Wwrite-strings -Wconversion -Wno-unknown-pragmas -Wno-long-long   -DCOINUTILS_BUILD  conftest.cc >&5
configure:8732: $? = 0
configure:8736: /usr/bin/nm -B conftest.o \| sed -n -e 's/^.*[ 	]\([ABCDGIRSTW][ABCDGIRSTW]*\)[ 	][ 	]*\([_A-Za-z][_A-Za-z0-9]*\)$/\1 \2 \2/p' \> conftest.nm
configure:8739: $? = 0
cannot find nm_test_var in conftest.nm
configure:8729: clang++ -c -O3 -pipe -DNDEBUG -Wparentheses -Wreturn-type -Wcast-qual -Wall -Wpointer-arith -Wwrite-strings -Wconversion -Wno-unknown-pragmas -Wno-long-long   -DCOINUTILS_BUILD  conftest.cc >&5
configure:8732: $? = 0
configure:8736: /usr/bin/nm -B conftest.o \| sed -n -e 's/^.*[ 	]\([ABCDGIRSTW][ABCDGIRSTW]*\)[ 	][ 	]*_\([_A-Za-z][_A-Za-z0-9]*\)$/\1 _\2 \2/p' \> conftest.nm
configure:8739: $? = 0
configure:8791: clang++ -o conftest -O3 -pipe -DNDEBUG -Wparentheses -Wreturn-type -Wcast-qual -Wall -Wpointer-arith -Wwrite-strings -Wconversion -Wno-unknown-pragmas -Wno-long-long   -DCOINUTILS_BUILD   conftest.cc conftstm.o >&5
conftest.cc:19:1: warning: unused variable 'lt_preloaded_symbols' [-Wunused-const-variable]
lt_preloaded_symbols[] =
^
1 warning generated.
configure:8794: $? = 0
configure:8832: result: ok
configure:8836: checking for objdir
configure:8851: result: .libs
configure:8941: checking for ar
configure:8957: found /usr/bin/ar
configure:8968: result: ar
configure:9021: checking for ranlib
configure:9037: found /usr/bin/ranlib
configure:9048: result: ranlib
configure:9101: checking for strip
configure:9117: found /usr/bin/strip
configure:9128: result: strip
configure:9404: checking if clang supports -fno-rtti -fno-exceptions
configure:9422: clang -c -O3 -pipe -DNDEBUG -Wimplicit -Wparentheses -Wsequence-point -Wreturn-type -Wcast-qual -Wall -Wno-unknown-pragmas -Wno-long-long   -DCOINUTILS_BUILD  -fno-rtti -fno-exceptions conftest.c >&5
configure:9426: $? = 0
configure:9439: result: yes
configure:9454: checking for clang option to produce PIC
configure:9664: result: -fno-common
configure:9672: checking if clang PIC flag -fno-common works
configure:9690: clang -c -O3 -pipe -DNDEBUG -Wimplicit -Wparentheses -Wsequence-point -Wreturn-type -Wcast-qual -Wall -Wno-unknown-pragmas -Wno-long-long   -DCOINUTILS_BUILD  -fno-common -DPIC conftest.c >&5
configure:9694: $? = 0
configure:9707: result: yes
configure:9735: checking if clang static flag -static works
configure:9763: result: no
configure:9773: checking if clang supports -c -o file.o
configure:9794: clang -c -O3 -pipe -DNDEBUG -Wimplicit -Wparentheses -Wsequence-point -Wreturn-type -Wcast-qual -Wall -Wno-unknown-pragmas -Wno-long-long   -DCOINUTILS_BUILD  -o out/conftest2.o conftest.c >&5
configure:9798: $? = 0
configure:9820: result: yes
configure:9846: checking whether the clang linker (/Applications/Xcode.app/Contents/Developer/Toolchains/XcodeDefault.xctoolchain/usr/bin/ld) supports shared libraries
configure:10820: result: yes
configure:10887: checking dynamic linker characteristics
configure:11475: result: darwin23.0.0 dyld
configure:11484: checking how to hardcode library paths into programs
configure:11509: result: immediate
configure:11523: checking whether stripping libraries is possible
configure:11536: result: yes
configure:12418: checking if libtool supports shared libraries
configure:12420: result: yes
configure:12423: checking whether to build shared libraries
configure:12444: result: yes
configure:12447: checking whether to build static libraries
configure:12451: result: no
configure:12543: creating libtool
configure:13131: checking for ld used by clang++
configure:13198: result: /Applications/Xcode.app/Contents/Developer/Toolchains/XcodeDefault.xctoolchain/usr/bin/ld
configure:13207: checking if the linker (/Applications/Xcode.app/Contents/Developer/Toolchains/XcodeDefault.xctoolchain/usr/bin/ld) is GNU ld
configure:13222: result: no
configure:13273: checking whether the clang++ linker (/Applications/Xcode.app/Contents/Developer/Toolchains/XcodeDefault.xctoolchain/usr/bin/ld) supports shared libraries
configure:14227: result: yes
configure:14249: clang++ -c -O3 -pipe -DNDEBUG -Wparentheses -Wreturn-type -Wcast-qual -Wall -Wpointer-arith -Wwrite-strings -Wconversion -Wno-unknown-pragmas -Wno-long-long   -DCOINUTILS_BUILD  conftest.cpp >&5
configure:14252: $? = 0
configure:14371: checking for clang++ option to produce PIC
configure:14645: result: -fno-common
configure:14653: checking if clang++ PIC flag -fno-common works
configure:14671: clang++ -c -O3 -pipe -DNDEBUG -Wparentheses -Wreturn-type -Wcast-qual -Wall -Wpointer-arith -Wwrite-strings -Wconversion -Wno-unknown-pragmas -Wno-long-long   -DCOINUTILS_BUILD  -fno-common -DPIC conftest.cpp >&5
configure:14675: $? = 0
configure:14688: result: yes
configure:14716: checking if clang++ static flag -static works
configure:14744: result: no
configure:14754: checking if clang++ supports -c -o file.o
configure:14775: clang++ -c -O3 -pipe -DNDEBUG -Wparentheses -Wreturn-type -Wcast-qual -Wall -Wpointer-arith -Wwrite-strings -Wconversion -Wno-unknown-pragmas -Wno-long-long   -DCOINUTILS_BUILD  -o out/conftest2.o conftest.cpp >&5
configure:14779: $? = 0
configure:14801: result: yes
configure:14827: checking whether the clang++ linker (/Applications/Xcode.app/Contents/Developer/Toolchains/XcodeDefault.xctoolchain/usr/bin/ld) supports shared libraries
configure:14852: result: yes
configure:14919: checking dynamic linker characteristics
configure:15507: result: darwin23.0.0 dyld
configure:15516: checking how to hardcode library paths into programs
configure:15541: result: immediate
configure:16067: checking if libtool supports shared libraries
configure:16069: result: yes
configure:16072: checking whether to build shared libraries
configure:16092: result: yes
configure:16095: checking whether to build static libraries
configure:16099: result: no
configure:16109: checking for gfortran option to produce PIC
configure:16319: result: -fno-common
configure:16327: checking if gfortran PIC flag -fno-common works
configure:16345: gfortran -c -O3 -pipe   -fno-common conftest.f >&5
configure:16349: $? = 0
configure:16362: result: yes
configure:16390: checking if gfortran static flag -static works
configure:16418: result: no
configure:16428: checking if gfortran supports -c -o file.o
configure:16449: gfortran -c -O3 -pipe   -o out/conftest2.o conftest.f >&5
configure:16453: $? = 0
configure:16475: result: yes
configure:16501: checking whether the gfortran linker (/Applications/Xcode.app/Contents/Developer/Toolchains/XcodeDefault.xctoolchain/usr/bin/ld) supports shared libraries
configure:17439: result: yes
configure:17506: checking dynamic linker characteristics
configure:18094: result: darwin23.0.0 dyld
configure:18103: checking how to hardcode library paths into programs
configure:18128: result: immediate
configure:21730: Build is "arm-apple-darwin23.0.0".
configure:21734: checking for dos2unix
configure:21763: result: no
configure:21859: Applying patches to libtool for Darwin
configure:22023: checking if library version is set
configure:22027: result: 14:10:11
configure:22079: checking cmath usability
configure:22091: clang++ -c -O3 -pipe -DNDEBUG -Wparentheses -Wreturn-type -Wcast-qual -Wall -Wpointer-arith -Wwrite-strings -Wconversion -Wno-unknown-pragmas -Wno-long-long   -DCOINUTILS_BUILD  conftest.cc >&5
configure:22097: $? = 0
configure:22101: test -z 
			 || test ! -s conftest.err
configure:22104: $? = 0
configure:22107: test -s conftest.o
configure:22110: $? = 0
configure:22120: result: yes
configure:22124: checking cmath presence
configure:22134: clang++ -E  conftest.cc
configure:22140: $? = 0
configure:22160: result: yes
configure:22195: checking for cmath
configure:22202: result: yes
configure:22408: checking cfloat usability
configure:22420: clang++ -c -O3 -pipe -DNDEBUG -Wparentheses -Wreturn-type -Wcast-qual -Wall -Wpointer-arith -Wwrite-strings -Wconversion -Wno-unknown-pragmas -Wno-long-long   -DCOINUTILS_BUILD  conftest.cc >&5
configure:22426: $? = 0
configure:22430: test -z 
			 || test ! -s conftest.err
configure:22433: $? = 0
configure:22436: test -s conftest.o
configure:22439: $? = 0
configure:22449: result: yes
configure:22453: checking cfloat presence
configure:22463: clang++ -E  conftest.cc
configure:22469: $? = 0
configure:22489: result: yes
configure:22524: checking for cfloat
configure:22531: result: yes
configure:22737: checking cieeefp usability
configure:22749: clang++ -c -O3 -pipe -DNDEBUG -Wparentheses -Wreturn-type -Wcast-qual -Wall -Wpointer-arith -Wwrite-strings -Wconversion -Wno-unknown-pragmas -Wno-long-long   -DCOINUTILS_BUILD  conftest.cc >&5
conftest.cc:68:10: fatal error: 'cieeefp' file not found
#include <cieeefp>
         ^~~~~~~~~
1 error generated.
configure:22755: $? = 1
configure: failed program was:
| /* confdefs.h.  */
| 
| #define PACKAGE_NAME "CoinUtils"
| #define PACKAGE_TARNAME "coinutils"
| #define PACKAGE_VERSION "2.11.10"
| #define PACKAGE_STRING "CoinUtils 2.11.10"
| #define PACKAGE_BUGREPORT "http://projects.coin-or.org/CoinUtils"
| #define COINUTILS_VERSION "2.11.10"
| #define COINUTILS_VERSION_MAJOR 2
| #define COINUTILS_VERSION_MINOR 11
| #define COINUTILS_VERSION_RELEASE 10
| #define COIN_COINUTILS_VERBOSITY 0
| #define COIN_COINUTILS_CHECKLEVEL 0
| #ifdef __cplusplus
| extern "C" void exit (int);
| #endif
| #define F77_FUNC(name,NAME) name ## _
| #define F77_FUNC_(name,NAME) name ## _
| #define PACKAGE "coinutils"
| #define VERSION "2.11.10"
| #define HAVE_SYS_TYPES_H 1
| #define HAVE_SYS_STAT_H 1
| #define HAVE_STDLIB_H 1
| #define HAVE_STRING_H 1
| #define HAVE_MEMORY_H 1
| #define HAVE_STRINGS_H 1
| #define HAVE_INTTYPES_H 1
| #define HAVE_STDINT_H 1
| #define HAVE_UNISTD_H 1
| #define HAVE_DLFCN_H 1
| #define HAVE_CMATH 1
| #define HAVE_CFLOAT 1
| /* end confdefs.h.  */
| #include <stdio.h>
| #if HAVE_SYS_TYPES_H
| # include <sys/types.h>
| #endif
| #if HAVE_SYS_STAT_H
| # include <sys/stat.h>
| #endif
| #if STDC_HEADERS
| # include <stdlib.h>
| # include <stddef.h>
| #else
| # if HAVE_STDLIB_H
| #  include <stdlib.h>
| # endif
| #endif
| #if HAVE_STRING_H
| # if !STDC_HEADERS && HAVE_MEMORY_H
| #  include <memory.h>
| # endif
| # include <string.h>
| #endif
| #if HAVE_STRINGS_H
| # include <strings.h>
| #endif
| #if HAVE_INTTYPES_H
| # include <inttypes.h>
| #else
| # if HAVE_STDINT_H
| #  include <stdint.h>
| # endif
| #endif
| #if HAVE_UNISTD_H
| # include <unistd.h>
| #endif
| #include <cieeefp>
configure:22778: result: no
configure:22782: checking cieeefp presence
configure:22792: clang++ -E  conftest.cc
conftest.cc:34:10: fatal error: 'cieeefp' file not found
#include <cieeefp>
         ^~~~~~~~~
1 error generated.
configure:22798: $? = 1
configure: failed program was:
| /* confdefs.h.  */
| 
| #define PACKAGE_NAME "CoinUtils"
| #define PACKAGE_TARNAME "coinutils"
| #define PACKAGE_VERSION "2.11.10"
| #define PACKAGE_STRING "CoinUtils 2.11.10"
| #define PACKAGE_BUGREPORT "http://projects.coin-or.org/CoinUtils"
| #define COINUTILS_VERSION "2.11.10"
| #define COINUTILS_VERSION_MAJOR 2
| #define COINUTILS_VERSION_MINOR 11
| #define COINUTILS_VERSION_RELEASE 10
| #define COIN_COINUTILS_VERBOSITY 0
| #define COIN_COINUTILS_CHECKLEVEL 0
| #ifdef __cplusplus
| extern "C" void exit (int);
| #endif
| #define F77_FUNC(name,NAME) name ## _
| #define F77_FUNC_(name,NAME) name ## _
| #define PACKAGE "coinutils"
| #define VERSION "2.11.10"
| #define HAVE_SYS_TYPES_H 1
| #define HAVE_SYS_STAT_H 1
| #define HAVE_STDLIB_H 1
| #define HAVE_STRING_H 1
| #define HAVE_MEMORY_H 1
| #define HAVE_STRINGS_H 1
| #define HAVE_INTTYPES_H 1
| #define HAVE_STDINT_H 1
| #define HAVE_UNISTD_H 1
| #define HAVE_DLFCN_H 1
| #define HAVE_CMATH 1
| #define HAVE_CFLOAT 1
| /* end confdefs.h.  */
| #include <cieeefp>
configure:22818: result: no
configure:22853: checking for cieeefp
configure:22860: result: no
configure:22895: checking ieeefp.h usability
configure:22907: clang++ -c -O3 -pipe -DNDEBUG -Wparentheses -Wreturn-type -Wcast-qual -Wall -Wpointer-arith -Wwrite-strings -Wconversion -Wno-unknown-pragmas -Wno-long-long   -DCOINUTILS_BUILD  conftest.cc >&5
conftest.cc:68:10: fatal error: 'ieeefp.h' file not found
#include <ieeefp.h>
         ^~~~~~~~~~
1 error generated.
configure:22913: $? = 1
configure: failed program was:
| /* confdefs.h.  */
| 
| #define PACKAGE_NAME "CoinUtils"
| #define PACKAGE_TARNAME "coinutils"
| #define PACKAGE_VERSION "2.11.10"
| #define PACKAGE_STRING "CoinUtils 2.11.10"
| #define PACKAGE_BUGREPORT "http://projects.coin-or.org/CoinUtils"
| #define COINUTILS_VERSION "2.11.10"
| #define COINUTILS_VERSION_MAJOR 2
| #define COINUTILS_VERSION_MINOR 11
| #define COINUTILS_VERSION_RELEASE 10
| #define COIN_COINUTILS_VERBOSITY 0
| #define COIN_COINUTILS_CHECKLEVEL 0
| #ifdef __cplusplus
| extern "C" void exit (int);
| #endif
| #define F77_FUNC(name,NAME) name ## _
| #define F77_FUNC_(name,NAME) name ## _
| #define PACKAGE "coinutils"
| #define VERSION "2.11.10"
| #define HAVE_SYS_TYPES_H 1
| #define HAVE_SYS_STAT_H 1
| #define HAVE_STDLIB_H 1
| #define HAVE_STRING_H 1
| #define HAVE_MEMORY_H 1
| #define HAVE_STRINGS_H 1
| #define HAVE_INTTYPES_H 1
| #define HAVE_STDINT_H 1
| #define HAVE_UNISTD_H 1
| #define HAVE_DLFCN_H 1
| #define HAVE_CMATH 1
| #define HAVE_CFLOAT 1
| /* end confdefs.h.  */
| #include <stdio.h>
| #if HAVE_SYS_TYPES_H
| # include <sys/types.h>
| #endif
| #if HAVE_SYS_STAT_H
| # include <sys/stat.h>
| #endif
| #if STDC_HEADERS
| # include <stdlib.h>
| # include <stddef.h>
| #else
| # if HAVE_STDLIB_H
| #  include <stdlib.h>
| # endif
| #endif
| #if HAVE_STRING_H
| # if !STDC_HEADERS && HAVE_MEMORY_H
| #  include <memory.h>
| # endif
| # include <string.h>
| #endif
| #if HAVE_STRINGS_H
| # include <strings.h>
| #endif
| #if HAVE_INTTYPES_H
| # include <inttypes.h>
| #else
| # if HAVE_STDINT_H
| #  include <stdint.h>
| # endif
| #endif
| #if HAVE_UNISTD_H
| # include <unistd.h>
| #endif
| #include <ieeefp.h>
configure:22936: result: no
configure:22940: checking ieeefp.h presence
configure:22950: clang++ -E  conftest.cc
conftest.cc:34:10: fatal error: 'ieeefp.h' file not found
#include <ieeefp.h>
         ^~~~~~~~~~
1 error generated.
configure:22956: $? = 1
configure: failed program was:
| /* confdefs.h.  */
| 
| #define PACKAGE_NAME "CoinUtils"
| #define PACKAGE_TARNAME "coinutils"
| #define PACKAGE_VERSION "2.11.10"
| #define PACKAGE_STRING "CoinUtils 2.11.10"
| #define PACKAGE_BUGREPORT "http://projects.coin-or.org/CoinUtils"
| #define COINUTILS_VERSION "2.11.10"
| #define COINUTILS_VERSION_MAJOR 2
| #define COINUTILS_VERSION_MINOR 11
| #define COINUTILS_VERSION_RELEASE 10
| #define COIN_COINUTILS_VERBOSITY 0
| #define COIN_COINUTILS_CHECKLEVEL 0
| #ifdef __cplusplus
| extern "C" void exit (int);
| #endif
| #define F77_FUNC(name,NAME) name ## _
| #define F77_FUNC_(name,NAME) name ## _
| #define PACKAGE "coinutils"
| #define VERSION "2.11.10"
| #define HAVE_SYS_TYPES_H 1
| #define HAVE_SYS_STAT_H 1
| #define HAVE_STDLIB_H 1
| #define HAVE_STRING_H 1
| #define HAVE_MEMORY_H 1
| #define HAVE_STRINGS_H 1
| #define HAVE_INTTYPES_H 1
| #define HAVE_STDINT_H 1
| #define HAVE_UNISTD_H 1
| #define HAVE_DLFCN_H 1
| #define HAVE_CMATH 1
| #define HAVE_CFLOAT 1
| /* end confdefs.h.  */
| #include <ieeefp.h>
configure:22976: result: no
configure:23011: checking for ieeefp.h
configure:23018: result: no
configure:23042: checking whether isfinite is declared
configure:23096: clang++ -c -O3 -pipe -DNDEBUG -Wparentheses -Wreturn-type -Wcast-qual -Wall -Wpointer-arith -Wwrite-strings -Wconversion -Wno-unknown-pragmas -Wno-long-long   -DCOINUTILS_BUILD  conftest.cc >&5
conftest.cc:69:22: error: address of overloaded function 'isfinite' does not match required type 'char'
  char *p = (char *) isfinite;
                     ^~~~~~~~
/Applications/Xcode.app/Contents/Developer/Platforms/MacOSX.platform/Developer/SDKs/MacOSX.sdk/usr/include/c++/v1/math.h:403:80: note: candidate template ignored: could not match 'bool (_A1) throw()' against 'char'
_LIBCPP_NODISCARD_EXT _LIBCPP_CONSTEXPR_SINCE_CXX23 _LIBCPP_HIDE_FROM_ABI bool isfinite(_A1 __x) _NOEXCEPT {
                                                                               ^
/Applications/Xcode.app/Contents/Developer/Platforms/MacOSX.platform/Developer/SDKs/MacOSX.sdk/usr/include/c++/v1/math.h:409:80: note: candidate template ignored: could not match 'bool (_A1) throw()' against 'char'
_LIBCPP_NODISCARD_EXT _LIBCPP_CONSTEXPR_SINCE_CXX23 _LIBCPP_HIDE_FROM_ABI bool isfinite(_A1) _NOEXCEPT {
                                                                               ^
1 error generated.
configure:23102: $? = 1
configure: failed program was:
| /* confdefs.h.  */
| 
| #define PACKAGE_NAME "CoinUtils"
| #define PACKAGE_TARNAME "coinutils"
| #define PACKAGE_VERSION "2.11.10"
| #define PACKAGE_STRING "CoinUtils 2.11.10"
| #define PACKAGE_BUGREPORT "http://projects.coin-or.org/CoinUtils"
| #define COINUTILS_VERSION "2.11.10"
| #define COINUTILS_VERSION_MAJOR 2
| #define COINUTILS_VERSION_MINOR 11
| #define COINUTILS_VERSION_RELEASE 10
| #define COIN_COINUTILS_VERBOSITY 0
| #define COIN_COINUTILS_CHECKLEVEL 0
| #ifdef __cplusplus
| extern "C" void exit (int);
| #endif
| #define F77_FUNC(name,NAME) name ## _
| #define F77_FUNC_(name,NAME) name ## _
| #define PACKAGE "coinutils"
| #define VERSION "2.11.10"
| #define HAVE_SYS_TYPES_H 1
| #define HAVE_SYS_STAT_H 1
| #define HAVE_STDLIB_H 1
| #define HAVE_STRING_H 1
| #define HAVE_MEMORY_H 1
| #define HAVE_STRINGS_H 1
| #define HAVE_INTTYPES_H 1
| #define HAVE_STDINT_H 1
| #define HAVE_UNISTD_H 1
| #define HAVE_DLFCN_H 1
| #define HAVE_CMATH 1
| #define HAVE_CFLOAT 1
| /* end confdefs.h.  */
| 
| #ifdef HAVE_CMATH
| # include <cmath>
| #else
| # ifdef HAVE_MATH_H
| #  include <math.h>
| # endif
| #endif
| #ifdef HAVE_CFLOAT
| # include <cfloat>
| #else
| # ifdef HAVE_FLOAT_H
| #  include <float.h>
| # endif
| #endif
| #ifdef HAVE_CIEEEFP
| # include <cieeefp>
| #else
| # ifdef HAVE_IEEEFP_H
| #  include <ieeefp.h>
| # endif
| #endif
| 
| #ifdef F77_DUMMY_MAIN
| 
| #  ifdef __cplusplus
|      extern "C"
| #  endif
|    int F77_DUMMY_MAIN() { return 1; }
| 
| #endif
| int
| main ()
| {
| #ifndef isfinite
|   char *p = (char *) isfinite;
| #endif
| 
|   ;
|   return 0;
| }
configure:23126: result: no
configure:23133: checking whether finite is declared
configure:23187: clang++ -c -O3 -pipe -DNDEBUG -Wparentheses -Wreturn-type -Wcast-qual -Wall -Wpointer-arith -Wwrite-strings -Wconversion -Wno-unknown-pragmas -Wno-long-long   -DCOINUTILS_BUILD  conftest.cc >&5
conftest.cc:69:22: error: use of undeclared identifier 'finite'
  char *p = (char *) finite;
                     ^
1 error generated.
configure:23193: $? = 1
configure: failed program was:
| /* confdefs.h.  */
| 
| #define PACKAGE_NAME "CoinUtils"
| #define PACKAGE_TARNAME "coinutils"
| #define PACKAGE_VERSION "2.11.10"
| #define PACKAGE_STRING "CoinUtils 2.11.10"
| #define PACKAGE_BUGREPORT "http://projects.coin-or.org/CoinUtils"
| #define COINUTILS_VERSION "2.11.10"
| #define COINUTILS_VERSION_MAJOR 2
| #define COINUTILS_VERSION_MINOR 11
| #define COINUTILS_VERSION_RELEASE 10
| #define COIN_COINUTILS_VERBOSITY 0
| #define COIN_COINUTILS_CHECKLEVEL 0
| #ifdef __cplusplus
| extern "C" void exit (int);
| #endif
| #define F77_FUNC(name,NAME) name ## _
| #define F77_FUNC_(name,NAME) name ## _
| #define PACKAGE "coinutils"
| #define VERSION "2.11.10"
| #define HAVE_SYS_TYPES_H 1
| #define HAVE_SYS_STAT_H 1
| #define HAVE_STDLIB_H 1
| #define HAVE_STRING_H 1
| #define HAVE_MEMORY_H 1
| #define HAVE_STRINGS_H 1
| #define HAVE_INTTYPES_H 1
| #define HAVE_STDINT_H 1
| #define HAVE_UNISTD_H 1
| #define HAVE_DLFCN_H 1
| #define HAVE_CMATH 1
| #define HAVE_CFLOAT 1
| /* end confdefs.h.  */
| 
| #ifdef HAVE_CMATH
| # include <cmath>
| #else
| # ifdef HAVE_MATH_H
| #  include <math.h>
| # endif
| #endif
| #ifdef HAVE_CFLOAT
| # include <cfloat>
| #else
| # ifdef HAVE_FLOAT_H
| #  include <float.h>
| # endif
| #endif
| #ifdef HAVE_CIEEEFP
| # include <cieeefp>
| #else
| # ifdef HAVE_IEEEFP_H
| #  include <ieeefp.h>
| # endif
| #endif
| 
| #ifdef F77_DUMMY_MAIN
| 
| #  ifdef __cplusplus
|      extern "C"
| #  endif
|    int F77_DUMMY_MAIN() { return 1; }
| 
| #endif
| int
| main ()
| {
| #ifndef finite
|   char *p = (char *) finite;
| #endif
| 
|   ;
|   return 0;
| }
configure:23217: result: no
configure:23224: checking whether _finite is declared
configure:23278: clang++ -c -O3 -pipe -DNDEBUG -Wparentheses -Wreturn-type -Wcast-qual -Wall -Wpointer-arith -Wwrite-strings -Wconversion -Wno-unknown-pragmas -Wno-long-long   -DCOINUTILS_BUILD  conftest.cc >&5
conftest.cc:69:22: error: use of undeclared identifier '_finite'
  char *p = (char *) _finite;
                     ^
1 error generated.
configure:23284: $? = 1
configure: failed program was:
| /* confdefs.h.  */
| 
| #define PACKAGE_NAME "CoinUtils"
| #define PACKAGE_TARNAME "coinutils"
| #define PACKAGE_VERSION "2.11.10"
| #define PACKAGE_STRING "CoinUtils 2.11.10"
| #define PACKAGE_BUGREPORT "http://projects.coin-or.org/CoinUtils"
| #define COINUTILS_VERSION "2.11.10"
| #define COINUTILS_VERSION_MAJOR 2
| #define COINUTILS_VERSION_MINOR 11
| #define COINUTILS_VERSION_RELEASE 10
| #define COIN_COINUTILS_VERBOSITY 0
| #define COIN_COINUTILS_CHECKLEVEL 0
| #ifdef __cplusplus
| extern "C" void exit (int);
| #endif
| #define F77_FUNC(name,NAME) name ## _
| #define F77_FUNC_(name,NAME) name ## _
| #define PACKAGE "coinutils"
| #define VERSION "2.11.10"
| #define HAVE_SYS_TYPES_H 1
| #define HAVE_SYS_STAT_H 1
| #define HAVE_STDLIB_H 1
| #define HAVE_STRING_H 1
| #define HAVE_MEMORY_H 1
| #define HAVE_STRINGS_H 1
| #define HAVE_INTTYPES_H 1
| #define HAVE_STDINT_H 1
| #define HAVE_UNISTD_H 1
| #define HAVE_DLFCN_H 1
| #define HAVE_CMATH 1
| #define HAVE_CFLOAT 1
| /* end confdefs.h.  */
| 
| #ifdef HAVE_CMATH
| # include <cmath>
| #else
| # ifdef HAVE_MATH_H
| #  include <math.h>
| # endif
| #endif
| #ifdef HAVE_CFLOAT
| # include <cfloat>
| #else
| # ifdef HAVE_FLOAT_H
| #  include <float.h>
| # endif
| #endif
| #ifdef HAVE_CIEEEFP
| # include <cieeefp>
| #else
| # ifdef HAVE_IEEEFP_H
| #  include <ieeefp.h>
| # endif
| #endif
| 
| #ifdef F77_DUMMY_MAIN
| 
| #  ifdef __cplusplus
|      extern "C"
| #  endif
|    int F77_DUMMY_MAIN() { return 1; }
| 
| #endif
| int
| main ()
| {
| #ifndef _finite
|   char *p = (char *) _finite;
| #endif
| 
|   ;
|   return 0;
| }
configure:23308: result: no
configure:23317: WARNING: Cannot find C-function for checking Inf.
configure:23360: checking for cmath
configure:23365: result: yes
configure:23689: checking for cfloat
configure:23694: result: yes
configure:24018: checking for cieeefp
configure:24023: result: no
configure:24176: checking for ieeefp.h
configure:24181: result: no
configure:24332: checking whether isnan is declared
configure:24386: clang++ -c -O3 -pipe -DNDEBUG -Wparentheses -Wreturn-type -Wcast-qual -Wall -Wpointer-arith -Wwrite-strings -Wconversion -Wno-unknown-pragmas -Wno-long-long   -DCOINUTILS_BUILD  conftest.cc >&5
conftest.cc:71:22: error: address of overloaded function 'isnan' does not match required type 'char'
  char *p = (char *) isnan;
                     ^~~~~
/Applications/Xcode.app/Contents/Developer/Platforms/MacOSX.platform/Developer/SDKs/MacOSX.sdk/usr/include/c++/v1/math.h:463:87: note: candidate function
_LIBCPP_NODISCARD_EXT inline _LIBCPP_CONSTEXPR_SINCE_CXX23 _LIBCPP_HIDE_FROM_ABI bool isnan(long double __x) _NOEXCEPT {
                                                                                      ^
/Applications/Xcode.app/Contents/Developer/Platforms/MacOSX.platform/Developer/SDKs/MacOSX.sdk/usr/include/c++/v1/math.h:459:114: note: candidate function
_LIBCPP_NODISCARD_EXT inline _LIBCPP_CONSTEXPR_SINCE_CXX23 _LIBCPP_HIDE_FROM_ABI _LIBCPP_PREFERRED_OVERLOAD bool isnan(double __x) _NOEXCEPT {
                                                                                                                 ^
/Applications/Xcode.app/Contents/Developer/Platforms/MacOSX.platform/Developer/SDKs/MacOSX.sdk/usr/include/c++/v1/math.h:455:87: note: candidate function
_LIBCPP_NODISCARD_EXT inline _LIBCPP_CONSTEXPR_SINCE_CXX23 _LIBCPP_HIDE_FROM_ABI bool isnan(float __x) _NOEXCEPT {
                                                                                      ^
/Applications/Xcode.app/Contents/Developer/Platforms/MacOSX.platform/Developer/SDKs/MacOSX.sdk/usr/include/c++/v1/math.h:445:80: note: candidate template ignored: could not match 'bool (_A1) throw()' against 'char'
_LIBCPP_NODISCARD_EXT _LIBCPP_CONSTEXPR_SINCE_CXX23 _LIBCPP_HIDE_FROM_ABI bool isnan(_A1 __x) _NOEXCEPT {
                                                                               ^
/Applications/Xcode.app/Contents/Developer/Platforms/MacOSX.platform/Developer/SDKs/MacOSX.sdk/usr/include/c++/v1/math.h:450:80: note: candidate template ignored: could not match 'bool (_A1) throw()' against 'char'
_LIBCPP_NODISCARD_EXT _LIBCPP_CONSTEXPR_SINCE_CXX23 _LIBCPP_HIDE_FROM_ABI bool isnan(_A1) _NOEXCEPT {
                                                                               ^
1 error generated.
configure:24392: $? = 1
configure: failed program was:
| /* confdefs.h.  */
| 
| #define PACKAGE_NAME "CoinUtils"
| #define PACKAGE_TARNAME "coinutils"
| #define PACKAGE_VERSION "2.11.10"
| #define PACKAGE_STRING "CoinUtils 2.11.10"
| #define PACKAGE_BUGREPORT "http://projects.coin-or.org/CoinUtils"
| #define COINUTILS_VERSION "2.11.10"
| #define COINUTILS_VERSION_MAJOR 2
| #define COINUTILS_VERSION_MINOR 11
| #define COINUTILS_VERSION_RELEASE 10
| #define COIN_COINUTILS_VERBOSITY 0
| #define COIN_COINUTILS_CHECKLEVEL 0
| #ifdef __cplusplus
| extern "C" void exit (int);
| #endif
| #define F77_FUNC(name,NAME) name ## _
| #define F77_FUNC_(name,NAME) name ## _
| #define PACKAGE "coinutils"
| #define VERSION "2.11.10"
| #define HAVE_SYS_TYPES_H 1
| #define HAVE_SYS_STAT_H 1
| #define HAVE_STDLIB_H 1
| #define HAVE_STRING_H 1
| #define HAVE_MEMORY_H 1
| #define HAVE_STRINGS_H 1
| #define HAVE_INTTYPES_H 1
| #define HAVE_STDINT_H 1
| #define HAVE_UNISTD_H 1
| #define HAVE_DLFCN_H 1
| #define HAVE_CMATH 1
| #define HAVE_CFLOAT 1
| #define HAVE_CMATH 1
| #define HAVE_CFLOAT 1
| /* end confdefs.h.  */
| 
| #ifdef HAVE_CMATH
| # include <cmath>
| #else
| # ifdef HAVE_MATH_H
| #  include <math.h>
| # endif
| #endif
| #ifdef HAVE_CFLOAT
| # include <cfloat>
| #else
| # ifdef HAVE_FLOAT_H
| #  include <float.h>
| # endif
| #endif
| #ifdef HAVE_CIEEEFP
| # include <cieeefp>
| #else
| # ifdef HAVE_IEEEFP_H
| #  include <ieeefp.h>
| # endif
| #endif
| 
| #ifdef F77_DUMMY_MAIN
| 
| #  ifdef __cplusplus
|      extern "C"
| #  endif
|    int F77_DUMMY_MAIN() { return 1; }
| 
| #endif
| int
| main ()
| {
| #ifndef isnan
|   char *p = (char *) isnan;
| #endif
| 
|   ;
|   return 0;
| }
configure:24416: result: no
configure:24428: checking whether std::isnan(42.42) is declared
configure:24482: clang++ -c -O3 -pipe -DNDEBUG -Wparentheses -Wreturn-type -Wcast-qual -Wall -Wpointer-arith -Wwrite-strings -Wconversion -Wno-unknown-pragmas -Wno-long-long   -DCOINUTILS_BUILD  conftest.cc >&5
conftest.cc:70:12: warning: extra tokens at end of #ifndef directive [-Wextra-tokens]
#ifndef std::isnan(42.42)
           ^
           //
conftest.cc:71:9: warning: unused variable 'p' [-Wunused-variable]
  char *p = (char *) std::isnan(42.42);
        ^
2 warnings generated.
configure:24488: $? = 0
configure:24492: test -z 
			 || test ! -s conftest.err
configure:24495: $? = 0
configure:24498: test -s conftest.o
configure:24501: $? = 0
configure:24512: result: yes
configure:24992: checking cinttypes usability
configure:25004: clang++ -c -O3 -pipe -DNDEBUG -Wparentheses -Wreturn-type -Wcast-qual -Wall -Wpointer-arith -Wwrite-strings -Wconversion -Wno-unknown-pragmas -Wno-long-long   -DCOINUTILS_BUILD  conftest.cc >&5
configure:25010: $? = 0
configure:25014: test -z 
			 || test ! -s conftest.err
configure:25017: $? = 0
configure:25020: test -s conftest.o
configure:25023: $? = 0
configure:25033: result: yes
configure:25037: checking cinttypes presence
configure:25047: clang++ -E  conftest.cc
configure:25053: $? = 0
configure:25073: result: yes
configure:25108: checking for cinttypes
configure:25115: result: yes
configure:25321: checking cstdint usability
configure:25333: clang++ -c -O3 -pipe -DNDEBUG -Wparentheses -Wreturn-type -Wcast-qual -Wall -Wpointer-arith -Wwrite-strings -Wconversion -Wno-unknown-pragmas -Wno-long-long   -DCOINUTILS_BUILD  conftest.cc >&5
configure:25339: $? = 0
configure:25343: test -z 
			 || test ! -s conftest.err
configure:25346: $? = 0
configure:25349: test -s conftest.o
configure:25352: $? = 0
configure:25362: result: yes
configure:25366: checking cstdint presence
configure:25376: clang++ -E  conftest.cc
configure:25382: $? = 0
configure:25402: result: yes
configure:25437: checking for cstdint
configure:25444: result: yes
configure:25633: checking for int64_t
configure:25674: clang++ -c -O3 -pipe -DNDEBUG -Wparentheses -Wreturn-type -Wcast-qual -Wall -Wpointer-arith -Wwrite-strings -Wconversion -Wno-unknown-pragmas -Wno-long-long   -DCOINUTILS_BUILD  conftest.cc >&5
configure:25680: $? = 0
configure:25684: test -z 
			 || test ! -s conftest.err
configure:25687: $? = 0
configure:25690: test -s conftest.o
configure:25693: $? = 0
configure:25704: result: yes
configure:27184: checking for intptr_t
configure:27225: clang++ -c -O3 -pipe -DNDEBUG -Wparentheses -Wreturn-type -Wcast-qual -Wall -Wpointer-arith -Wwrite-strings -Wconversion -Wno-unknown-pragmas -Wno-long-long   -DCOINUTILS_BUILD  conftest.cc >&5
configure:27231: $? = 0
configure:27235: test -z 
			 || test ! -s conftest.err
configure:27238: $? = 0
configure:27241: test -s conftest.o
configure:27244: $? = 0
configure:27255: result: yes
configure:29219: checking windows.h usability
configure:29231: clang++ -c -O3 -pipe -DNDEBUG -Wparentheses -Wreturn-type -Wcast-qual -Wall -Wpointer-arith -Wwrite-strings -Wconversion -Wno-unknown-pragmas -Wno-long-long   -DCOINUTILS_BUILD  conftest.cc >&5
conftest.cc:79:10: fatal error: 'windows.h' file not found
#include <windows.h>
         ^~~~~~~~~~~
1 error generated.
configure:29237: $? = 1
configure: failed program was:
| /* confdefs.h.  */
| 
| #define PACKAGE_NAME "CoinUtils"
| #define PACKAGE_TARNAME "coinutils"
| #define PACKAGE_VERSION "2.11.10"
| #define PACKAGE_STRING "CoinUtils 2.11.10"
| #define PACKAGE_BUGREPORT "http://projects.coin-or.org/CoinUtils"
| #define COINUTILS_VERSION "2.11.10"
| #define COINUTILS_VERSION_MAJOR 2
| #define COINUTILS_VERSION_MINOR 11
| #define COINUTILS_VERSION_RELEASE 10
| #define COIN_COINUTILS_VERBOSITY 0
| #define COIN_COINUTILS_CHECKLEVEL 0
| #ifdef __cplusplus
| extern "C" void exit (int);
| #endif
| #define F77_FUNC(name,NAME) name ## _
| #define F77_FUNC_(name,NAME) name ## _
| #define PACKAGE "coinutils"
| #define VERSION "2.11.10"
| #define HAVE_SYS_TYPES_H 1
| #define HAVE_SYS_STAT_H 1
| #define HAVE_STDLIB_H 1
| #define HAVE_STRING_H 1
| #define HAVE_MEMORY_H 1
| #define HAVE_STRINGS_H 1
| #define HAVE_INTTYPES_H 1
| #define HAVE_STDINT_H 1
| #define HAVE_UNISTD_H 1
| #define HAVE_DLFCN_H 1
| #define HAVE_CMATH 1
| #define HAVE_CFLOAT 1
| #define HAVE_CMATH 1
| #define HAVE_CFLOAT 1
| #define COIN_C_ISNAN std::isnan
| #define COINUTILS_MEMPOOL_MAXPOOLED -1
| #define HAVE_CINTTYPES 1
| #define HAVE_CSTDINT 1
| #define COIN_INT64_T int64_t
| #define COIN_UINT64_T int64_t
| #define COIN_INTPTR_T intptr_t
| #define COINUTILS_HAS_STDINT_H 1
| #define COINUTILS_HAS_CSTDINT 1
| /* end confdefs.h.  */
| #include <stdio.h>
| #if HAVE_SYS_TYPES_H
| # include <sys/types.h>
| #endif
| #if HAVE_SYS_STAT_H
| # include <sys/stat.h>
| #endif
| #if STDC_HEADERS
| # include <stdlib.h>
| # include <stddef.h>
| #else
| # if HAVE_STDLIB_H
| #  include <stdlib.h>
| # endif
| #endif
| #if HAVE_STRING_H
| # if !STDC_HEADERS && HAVE_MEMORY_H
| #  include <memory.h>
| # endif
| # include <string.h>
| #endif
| #if HAVE_STRINGS_H
| # include <strings.h>
| #endif
| #if HAVE_INTTYPES_H
| # include <inttypes.h>
| #else
| # if HAVE_STDINT_H
| #  include <stdint.h>
| # endif
| #endif
| #if HAVE_UNISTD_H
| # include <unistd.h>
| #endif
| #include <windows.h>
configure:29260: result: no
configure:29264: checking windows.h presence
configure:29274: clang++ -E  conftest.cc
conftest.cc:45:10: fatal error: 'windows.h' file not found
#include <windows.h>
         ^~~~~~~~~~~
1 error generated.
configure:29280: $? = 1
configure: failed program was:
| /* confdefs.h.  */
| 
| #define PACKAGE_NAME "CoinUtils"
| #define PACKAGE_TARNAME "coinutils"
| #define PACKAGE_VERSION "2.11.10"
| #define PACKAGE_STRING "CoinUtils 2.11.10"
| #define PACKAGE_BUGREPORT "http://projects.coin-or.org/CoinUtils"
| #define COINUTILS_VERSION "2.11.10"
| #define COINUTILS_VERSION_MAJOR 2
| #define COINUTILS_VERSION_MINOR 11
| #define COINUTILS_VERSION_RELEASE 10
| #define COIN_COINUTILS_VERBOSITY 0
| #define COIN_COINUTILS_CHECKLEVEL 0
| #ifdef __cplusplus
| extern "C" void exit (int);
| #endif
| #define F77_FUNC(name,NAME) name ## _
| #define F77_FUNC_(name,NAME) name ## _
| #define PACKAGE "coinutils"
| #define VERSION "2.11.10"
| #define HAVE_SYS_TYPES_H 1
| #define HAVE_SYS_STAT_H 1
| #define HAVE_STDLIB_H 1
| #define HAVE_STRING_H 1
| #define HAVE_MEMORY_H 1
| #define HAVE_STRINGS_H 1
| #define HAVE_INTTYPES_H 1
| #define HAVE_STDINT_H 1
| #define HAVE_UNISTD_H 1
| #define HAVE_DLFCN_H 1
| #define HAVE_CMATH 1
| #define HAVE_CFLOAT 1
| #define HAVE_CMATH 1
| #define HAVE_CFLOAT 1
| #define COIN_C_ISNAN std::isnan
| #define COINUTILS_MEMPOOL_MAXPOOLED -1
| #define HAVE_CINTTYPES 1
| #define HAVE_CSTDINT 1
| #define COIN_INT64_T int64_t
| #define COIN_UINT64_T int64_t
| #define COIN_INTPTR_T intptr_t
| #define COINUTILS_HAS_STDINT_H 1
| #define COINUTILS_HAS_CSTDINT 1
| /* end confdefs.h.  */
| #include <windows.h>
configure:29300: result: no
configure:29335: checking for windows.h
configure:29342: result: no
configure:29373: checking endian.h usability
configure:29385: clang++ -c -O3 -pipe -DNDEBUG -Wparentheses -Wreturn-type -Wcast-qual -Wall -Wpointer-arith -Wwrite-strings -Wconversion -Wno-unknown-pragmas -Wno-long-long   -DCOINUTILS_BUILD  conftest.cc >&5
conftest.cc:79:10: fatal error: 'endian.h' file not found
#include <endian.h>
         ^~~~~~~~~~
1 error generated.
configure:29391: $? = 1
configure: failed program was:
| /* confdefs.h.  */
| 
| #define PACKAGE_NAME "CoinUtils"
| #define PACKAGE_TARNAME "coinutils"
| #define PACKAGE_VERSION "2.11.10"
| #define PACKAGE_STRING "CoinUtils 2.11.10"
| #define PACKAGE_BUGREPORT "http://projects.coin-or.org/CoinUtils"
| #define COINUTILS_VERSION "2.11.10"
| #define COINUTILS_VERSION_MAJOR 2
| #define COINUTILS_VERSION_MINOR 11
| #define COINUTILS_VERSION_RELEASE 10
| #define COIN_COINUTILS_VERBOSITY 0
| #define COIN_COINUTILS_CHECKLEVEL 0
| #ifdef __cplusplus
| extern "C" void exit (int);
| #endif
| #define F77_FUNC(name,NAME) name ## _
| #define F77_FUNC_(name,NAME) name ## _
| #define PACKAGE "coinutils"
| #define VERSION "2.11.10"
| #define HAVE_SYS_TYPES_H 1
| #define HAVE_SYS_STAT_H 1
| #define HAVE_STDLIB_H 1
| #define HAVE_STRING_H 1
| #define HAVE_MEMORY_H 1
| #define HAVE_STRINGS_H 1
| #define HAVE_INTTYPES_H 1
| #define HAVE_STDINT_H 1
| #define HAVE_UNISTD_H 1
| #define HAVE_DLFCN_H 1
| #define HAVE_CMATH 1
| #define HAVE_CFLOAT 1
| #define HAVE_CMATH 1
| #define HAVE_CFLOAT 1
| #define COIN_C_ISNAN std::isnan
| #define COINUTILS_MEMPOOL_MAXPOOLED -1
| #define HAVE_CINTTYPES 1
| #define HAVE_CSTDINT 1
| #define COIN_INT64_T int64_t
| #define COIN_UINT64_T int64_t
| #define COIN_INTPTR_T intptr_t
| #define COINUTILS_HAS_STDINT_H 1
| #define COINUTILS_HAS_CSTDINT 1
| /* end confdefs.h.  */
| #include <stdio.h>
| #if HAVE_SYS_TYPES_H
| # include <sys/types.h>
| #endif
| #if HAVE_SYS_STAT_H
| # include <sys/stat.h>
| #endif
| #if STDC_HEADERS
| # include <stdlib.h>
| # include <stddef.h>
| #else
| # if HAVE_STDLIB_H
| #  include <stdlib.h>
| # endif
| #endif
| #if HAVE_STRING_H
| # if !STDC_HEADERS && HAVE_MEMORY_H
| #  include <memory.h>
| # endif
| # include <string.h>
| #endif
| #if HAVE_STRINGS_H
| # include <strings.h>
| #endif
| #if HAVE_INTTYPES_H
| # include <inttypes.h>
| #else
| # if HAVE_STDINT_H
| #  include <stdint.h>
| # endif
| #endif
| #if HAVE_UNISTD_H
| # include <unistd.h>
| #endif
| #include <endian.h>
configure:29414: result: no
configure:29418: checking endian.h presence
configure:29428: clang++ -E  conftest.cc
conftest.cc:45:10: fatal error: 'endian.h' file not found
#include <endian.h>
         ^~~~~~~~~~
1 error generated.
configure:29434: $? = 1
configure: failed program was:
| /* confdefs.h.  */
| 
| #define PACKAGE_NAME "CoinUtils"
| #define PACKAGE_TARNAME "coinutils"
| #define PACKAGE_VERSION "2.11.10"
| #define PACKAGE_STRING "CoinUtils 2.11.10"
| #define PACKAGE_BUGREPORT "http://projects.coin-or.org/CoinUtils"
| #define COINUTILS_VERSION "2.11.10"
| #define COINUTILS_VERSION_MAJOR 2
| #define COINUTILS_VERSION_MINOR 11
| #define COINUTILS_VERSION_RELEASE 10
| #define COIN_COINUTILS_VERBOSITY 0
| #define COIN_COINUTILS_CHECKLEVEL 0
| #ifdef __cplusplus
| extern "C" void exit (int);
| #endif
| #define F77_FUNC(name,NAME) name ## _
| #define F77_FUNC_(name,NAME) name ## _
| #define PACKAGE "coinutils"
| #define VERSION "2.11.10"
| #define HAVE_SYS_TYPES_H 1
| #define HAVE_SYS_STAT_H 1
| #define HAVE_STDLIB_H 1
| #define HAVE_STRING_H 1
| #define HAVE_MEMORY_H 1
| #define HAVE_STRINGS_H 1
| #define HAVE_INTTYPES_H 1
| #define HAVE_STDINT_H 1
| #define HAVE_UNISTD_H 1
| #define HAVE_DLFCN_H 1
| #define HAVE_CMATH 1
| #define HAVE_CFLOAT 1
| #define HAVE_CMATH 1
| #define HAVE_CFLOAT 1
| #define COIN_C_ISNAN std::isnan
| #define COINUTILS_MEMPOOL_MAXPOOLED -1
| #define HAVE_CINTTYPES 1
| #define HAVE_CSTDINT 1
| #define COIN_INT64_T int64_t
| #define COIN_UINT64_T int64_t
| #define COIN_INTPTR_T intptr_t
| #define COINUTILS_HAS_STDINT_H 1
| #define COINUTILS_HAS_CSTDINT 1
| /* end confdefs.h.  */
| #include <endian.h>
configure:29454: result: no
configure:29489: checking for endian.h
configure:29496: result: no
configure:29583: checking for pkg-config
configure:29599: found /opt/homebrew/bin/pkg-config
configure:29609: result: pkg-config
configure:29624: checking pkg-config is at least version 0.16.0
configure:29627: result: yes
configure:32093: checking for BLAS in Veclib
configure:32370: clang++ -o conftest -O3 -pipe -DNDEBUG -Wparentheses -Wreturn-type -Wcast-qual -Wall -Wpointer-arith -Wwrite-strings -Wconversion -Wno-unknown-pragmas -Wno-long-long   -DCOINUTILS_BUILD   conftest.cc -framework Accelerate  >&5
configure:32376: $? = 0
configure:32380: test -z 
			 || test ! -s conftest.err
configure:32383: $? = 0
configure:32386: test -s conftest
configure:32389: $? = 0
configure:32406: result: yes: -framework Accelerate
configure:34015: checking whether LAPACK is already available with BLAS library
configure:34289: clang++ -o conftest -O3 -pipe -DNDEBUG -Wparentheses -Wreturn-type -Wcast-qual -Wall -Wpointer-arith -Wwrite-strings -Wconversion -Wno-unknown-pragmas -Wno-long-long   -DCOINUTILS_BUILD   conftest.cc -framework Accelerate  >&5
configure:34295: $? = 0
configure:34299: test -z 
			 || test ! -s conftest.err
configure:34302: $? = 0
configure:34305: test -s conftest
configure:34308: $? = 0
configure:34325: result: yes: -framework Accelerate
configure:36297: checking for COIN-OR package Glpk
configure:36461: result: not given: No package 'coinglpk' found
configure:36807: checking for COIN-OR package Sample
configure:36938: result: yes: 1.2.12 
configure:37287: checking for COIN-OR package Netlib
configure:37436: result: not given: No package 'coindatanetlib' found
configure:37804: checking zlib.h usability
configure:37816: clang++ -c -O3 -pipe -DNDEBUG -Wparentheses -Wreturn-type -Wcast-qual -Wall -Wpointer-arith -Wwrite-strings -Wconversion -Wno-unknown-pragmas -Wno-long-long   -DCOINUTILS_BUILD  conftest.cc >&5
configure:37822: $? = 0
configure:37826: test -z 
			 || test ! -s conftest.err
configure:37829: $? = 0
configure:37832: test -s conftest.o
configure:37835: $? = 0
configure:37845: result: yes
configure:37849: checking zlib.h presence
configure:37859: clang++ -E  conftest.cc
configure:37865: $? = 0
configure:37885: result: yes
configure:37920: checking for zlib.h
configure:37927: result: yes
configure:37943: checking for gzopen in -lz
configure:37981: clang++ -o conftest -O3 -pipe -DNDEBUG -Wparentheses -Wreturn-type -Wcast-qual -Wall -Wpointer-arith -Wwrite-strings -Wconversion -Wno-unknown-pragmas -Wno-long-long   -DCOINUTILS_BUILD   conftest.cc -lz   >&5
configure:37987: $? = 0
configure:37991: test -z 
			 || test ! -s conftest.err
configure:37994: $? = 0
configure:37997: test -s conftest
configure:38000: $? = 0
configure:38013: result: yes
configure:38084: checking bzlib.h usability
configure:38096: clang++ -c -O3 -pipe -DNDEBUG -Wparentheses -Wreturn-type -Wcast-qual -Wall -Wpointer-arith -Wwrite-strings -Wconversion -Wno-unknown-pragmas -Wno-long-long   -DCOINUTILS_BUILD  conftest.cc >&5
configure:38102: $? = 0
configure:38106: test -z 
			 || test ! -s conftest.err
configure:38109: $? = 0
configure:38112: test -s conftest.o
configure:38115: $? = 0
configure:38125: result: yes
configure:38129: checking bzlib.h presence
configure:38139: clang++ -E  conftest.cc
configure:38145: $? = 0
configure:38165: result: yes
configure:38200: checking for bzlib.h
configure:38207: result: yes
configure:38223: checking for BZ2_bzReadOpen in -lbz2
configure:38261: clang++ -o conftest -O3 -pipe -DNDEBUG -Wparentheses -Wreturn-type -Wcast-qual -Wall -Wpointer-arith -Wwrite-strings -Wconversion -Wno-unknown-pragmas -Wno-long-long   -DCOINUTILS_BUILD   conftest.cc -lbz2   >&5
configure:38267: $? = 0
configure:38271: test -z 
			 || test ! -s conftest.err
configure:38274: $? = 0
configure:38277: test -s conftest
configure:38280: $? = 0
configure:38293: result: yes
configure:38652: checking whether this is a VPATH configuration
configure:38659: result: yes
configure:38679: configuring doxygen documentation options
configure:38686: checking for doxygen
configure:38713: result: no
configure:38722: checking for latex
configure:38749: result: no
configure:38777: checking for dot
configure:38804: result: NO
configure:38916: checking which command should be used to link input files
configure:38924: result: ln -s
configure:39258: creating ./config.status

## ---------------------- ##
## Running config.status. ##
## ---------------------- ##

This file was extended by CoinUtils config.status 2.11.10, which was
generated by GNU Autoconf 2.59.  Invocation command line was

  CONFIG_FILES    = 
  CONFIG_HEADERS  = 
  CONFIG_LINKS    = 
  CONFIG_COMMANDS = 
  $ ./config.status 

on Sahujs-MacBook-Air.local

config.status:840: creating Makefile
config.status:840: creating src/Makefile
config.status:840: creating test/Makefile
config.status:840: creating coinutils.pc
config.status:840: creating coinutils-uninstalled.pc
config.status:840: creating doxydoc/doxygen.conf
config.status:937: creating src/config.h
config.status:937: creating src/config_coinutils.h
config.status:1297: executing depfiles commands
configure:40701: Creating VPATH links for data files
configure:40749: In case of trouble, first consult the troubleshooting page at https://github.com/coin-or-tools/BuildTools/wiki/user-troubleshooting
configure:40752: Configuration of CoinUtils successful

## ---------------- ##
## Cache variables. ##
## ---------------- ##

ac_cv_build=arm-apple-darwin23.0.0
ac_cv_build_alias=arm-apple-darwin23.0.0
ac_cv_c_compiler_gnu=yes
ac_cv_cxx_compiler_gnu=yes
ac_cv_env_ADD_CFLAGS_set=
ac_cv_env_ADD_CFLAGS_value=
ac_cv_env_ADD_CXXFLAGS_set=
ac_cv_env_ADD_CXXFLAGS_value=
ac_cv_env_ADD_FFLAGS_set=
ac_cv_env_ADD_FFLAGS_value=
ac_cv_env_CC_set=
ac_cv_env_CC_value=
ac_cv_env_CDEFS_set=
ac_cv_env_CDEFS_value=
ac_cv_env_CFLAGS_set=
ac_cv_env_CFLAGS_value=
ac_cv_env_CPPFLAGS_set=
ac_cv_env_CPPFLAGS_value=
ac_cv_env_CPP_set=
ac_cv_env_CPP_value=
ac_cv_env_CXXCPP_set=
ac_cv_env_CXXCPP_value=
ac_cv_env_CXXDEFS_set=
ac_cv_env_CXXDEFS_value=
ac_cv_env_CXXFLAGS_set=
ac_cv_env_CXXFLAGS_value=
ac_cv_env_CXX_set=
ac_cv_env_CXX_value=
ac_cv_env_DBG_CFLAGS_set=
ac_cv_env_DBG_CFLAGS_value=
ac_cv_env_DBG_CXXFLAGS_set=
ac_cv_env_DBG_CXXFLAGS_value=
ac_cv_env_DBG_FFLAGS_set=
ac_cv_env_DBG_FFLAGS_value=
ac_cv_env_F77_set=
ac_cv_env_F77_value=
ac_cv_env_FFLAGS_set=
ac_cv_env_FFLAGS_value=
ac_cv_env_LDFLAGS_set=
ac_cv_env_LDFLAGS_value=
ac_cv_env_LT_LDFLAGS_set=
ac_cv_env_LT_LDFLAGS_value=
ac_cv_env_MPICC_set=
ac_cv_env_MPICC_value=
ac_cv_env_MPICXX_set=
ac_cv_env_MPICXX_value=
ac_cv_env_MPIF77_set=
ac_cv_env_MPIF77_value=
ac_cv_env_OPT_CFLAGS_set=
ac_cv_env_OPT_CFLAGS_value=
ac_cv_env_OPT_CXXFLAGS_set=
ac_cv_env_OPT_CXXFLAGS_value=
ac_cv_env_OPT_FFLAGS_set=
ac_cv_env_OPT_FFLAGS_value=
ac_cv_env_PKG_CONFIG_set=
ac_cv_env_PKG_CONFIG_value=
ac_cv_env_build_alias_set=
ac_cv_env_build_alias_value=
ac_cv_env_host_alias_set=
ac_cv_env_host_alias_value=
ac_cv_env_target_alias_set=
ac_cv_env_target_alias_value=
ac_cv_exeext=
ac_cv_f77_compiler_gnu=yes
ac_cv_f77_dummy_main=none
ac_cv_f77_libs=' -L/opt/homebrew/Cellar/gcc/13.2.0/bin/../lib/gcc/current/gcc/aarch64-apple-darwin23/13 -L/opt/homebrew/Cellar/gcc/13.2.0/bin/../lib/gcc/current/gcc -L/opt/homebrew/Cellar/gcc/13.2.0/bin/../lib/gcc/current/gcc/aarch64-apple-darwin23/13/../../.. -lgfortran -lemutls_w -lquadmath -lSystem'
ac_cv_f77_mangling='lower case, underscore, no extra underscore'
ac_cv_fortran_dummy_main=none
ac_cv_have_decl__finite=no
ac_cv_have_decl_finite=no
ac_cv_have_decl_isfinite=no
ac_cv_have_decl_isnan=no
ac_cv_have_decl_std__isnan_42_42_=yes
ac_cv_header_bzlib_h=yes
ac_cv_header_cfloat=yes
ac_cv_header_cieeefp=no
ac_cv_header_cinttypes=yes
ac_cv_header_cmath=yes
ac_cv_header_cstdint=yes
ac_cv_header_dlfcn_h=yes
ac_cv_header_endian_h=no
ac_cv_header_ieeefp_h=no
ac_cv_header_inttypes_h=yes
ac_cv_header_memory_h=yes
ac_cv_header_stdc=no
ac_cv_header_stdint_h=yes
ac_cv_header_stdlib_h=yes
ac_cv_header_string_h=yes
ac_cv_header_strings_h=yes
ac_cv_header_sys_stat_h=yes
ac_cv_header_sys_types_h=yes
ac_cv_header_unistd_h=yes
ac_cv_header_windows_h=no
ac_cv_header_zlib_h=yes
ac_cv_host=arm-apple-darwin23.0.0
ac_cv_host_alias=arm-apple-darwin23.0.0
ac_cv_lib_bz2_BZ2_bzReadOpen=yes
ac_cv_lib_z_gzopen=yes
ac_cv_objext=o
ac_cv_path_install='/usr/bin/install -c'
ac_cv_prog_AWK=awk
ac_cv_prog_CPP='clang -E'
ac_cv_prog_CXXCPP='clang++ -E'
ac_cv_prog_ac_ct_AR=ar
ac_cv_prog_ac_ct_CC=clang
ac_cv_prog_ac_ct_CXX=clang++
ac_cv_prog_ac_ct_F77=gfortran
ac_cv_prog_ac_ct_PKG_CONFIG=pkg-config
ac_cv_prog_ac_ct_RANLIB=ranlib
ac_cv_prog_ac_ct_STRIP=strip
ac_cv_prog_cc_g=yes
ac_cv_prog_cc_stdc=
ac_cv_prog_coin_doxy_usedot=NO
ac_cv_prog_coin_have_doxygen=no
ac_cv_prog_coin_have_latex=no
ac_cv_prog_cxx_g=yes
ac_cv_prog_egrep='grep -E'
ac_cv_prog_f77_g=yes
ac_cv_prog_f77_v=-v
ac_cv_prog_have_svnversion=yes
ac_cv_prog_make_make_set=yes
ac_cv_type_int64_t=yes
ac_cv_type_intptr_t=yes
am_cv_CC_dependencies_compiler_type=none
am_cv_CXX_dependencies_compiler_type=none
lt_cv_deplibs_check_method=pass_all
lt_cv_file_magic_cmd='$MAGIC_CMD'
lt_cv_file_magic_test_file=
lt_cv_ld_reload_flag=-r
lt_cv_objdir=.libs
lt_cv_path_LD=/Applications/Xcode.app/Contents/Developer/Toolchains/XcodeDefault.xctoolchain/usr/bin/ld
lt_cv_path_LDCXX=/Applications/Xcode.app/Contents/Developer/Toolchains/XcodeDefault.xctoolchain/usr/bin/ld
lt_cv_path_NM='/usr/bin/nm -B'
lt_cv_path_SED=/usr/bin/sed
lt_cv_prog_compiler_c_o=yes
lt_cv_prog_compiler_c_o_CXX=yes
lt_cv_prog_compiler_c_o_F77=yes
lt_cv_prog_compiler_rtti_exceptions=yes
lt_cv_prog_gnu_ld=no
lt_cv_prog_gnu_ldcxx=no
lt_cv_sys_global_symbol_pipe='sed -n -e '\''s/^.*[ 	]\([ABCDGIRSTW][ABCDGIRSTW]*\)[ 	][ 	]*_\([_A-Za-z][_A-Za-z0-9]*\)$/\1 _\2 \2/p'\'''
lt_cv_sys_global_symbol_to_c_name_address='sed -n -e '\''s/^: \([^ ]*\) $/  {\"\1\", (lt_ptr) 0},/p'\'' -e '\''s/^[BCDEGRST] \([^ ]*\) \([^ ]*\)$/  {"\2", (lt_ptr) \&\2},/p'\'''
lt_cv_sys_global_symbol_to_cdecl='sed -n -e '\''s/^. .* \(.*\)$/extern int \1;/p'\'''
lt_cv_sys_max_cmd_len=786432
lt_lt_cv_prog_compiler_c_o='"yes"'
lt_lt_cv_prog_compiler_c_o_CXX='"yes"'
lt_lt_cv_prog_compiler_c_o_F77='"yes"'
lt_lt_cv_sys_global_symbol_pipe='"sed -n -e '\''s/^.*[ 	]\\([ABCDGIRSTW][ABCDGIRSTW]*\\)[ 	][ 	]*_\\([_A-Za-z][_A-Za-z0-9]*\\)\$/\\1 _\\2 \\2/p'\''"'
lt_lt_cv_sys_global_symbol_to_c_name_address='"sed -n -e '\''s/^: \\([^ ]*\\) \$/  {\\\"\\1\\\", (lt_ptr) 0},/p'\'' -e '\''s/^[BCDEGRST] \\([^ ]*\\) \\([^ ]*\\)\$/  {\"\\2\", (lt_ptr) \\&\\2},/p'\''"'
lt_lt_cv_sys_global_symbol_to_cdecl='"sed -n -e '\''s/^. .* \\(.*\\)\$/extern int \\1;/p'\''"'

## ----------------- ##
## Output variables. ##
## ----------------- ##

ABSBUILDDIR='/Users/ssmehta/Documents/Forecasting/RustAttempt/portfolio_optimization/target/CoinUtils/2.11.10'
ACLOCAL='${SHELL} /Users/ssmehta/coinbrew/CoinUtils/CoinUtils/missing --run aclocal-1.9'
ADD_CFLAGS=''
ADD_CXXFLAGS=''
ADD_FFLAGS=''
ALWAYS_FALSE_FALSE=''
ALWAYS_FALSE_TRUE='#'
AMDEPBACKSLASH=''
AMDEP_FALSE=''
AMDEP_TRUE='#'
AMTAR='${SHELL} /Users/ssmehta/coinbrew/CoinUtils/CoinUtils/missing --run tar'
AR='ar'
AUTOCONF='${SHELL} /Users/ssmehta/coinbrew/CoinUtils/CoinUtils/missing --run autoconf'
AUTOHEADER='${SHELL} /Users/ssmehta/coinbrew/CoinUtils/CoinUtils/missing --run autoheader'
AUTOMAKE='${SHELL} /Users/ssmehta/coinbrew/CoinUtils/CoinUtils/missing --run automake-1.9'
AUX_DIR=''
AWK='awk'
BLAS_CFLAGS=''
BLAS_CFLAGS_INSTALLED=''
BLAS_DATA=''
BLAS_DATA_INSTALLED=''
BLAS_DEPENDENCIES=''
BLAS_LIBS='-framework Accelerate'
BLAS_LIBS_INSTALLED=''
BUILDTOOLSDIR=''
CC='clang'
CCDEPMODE='depmode=none'
CDEFS=''
CFLAGS='-O3 -pipe -DNDEBUG -Wimplicit -Wparentheses -Wsequence-point -Wreturn-type -Wcast-qual -Wall -Wno-unknown-pragmas -Wno-long-long   -DCOINUTILS_BUILD'
COINUTILSLIB_CFLAGS=''
COINUTILSLIB_CFLAGS_INSTALLED=''
COINUTILSLIB_DEPENDENCIES=''
COINUTILSLIB_LIBS='-lbz2 -lz -framework Accelerate -framework Accelerate -lm '
COINUTILSLIB_LIBS_INSTALLED='-lbz2 -lz -framework Accelerate -framework Accelerate -lm '
COINUTILSLIB_PCLIBS='-lbz2 -lz -framework Accelerate -framework Accelerate -lm '
COINUTILSLIB_PCREQUIRES=''
COINUTILS_SVN_REV=''
COIN_CC_IS_CL_FALSE=''
COIN_CC_IS_CL_TRUE='#'
COIN_CXX_IS_CL_FALSE=''
COIN_CXX_IS_CL_TRUE='#'
COIN_HAS_BLAS_FALSE='#'
COIN_HAS_BLAS_TRUE=''
COIN_HAS_DOXYGEN_FALSE=''
COIN_HAS_DOXYGEN_TRUE='#'
COIN_HAS_GLPK_FALSE=''
COIN_HAS_GLPK_TRUE='#'
COIN_HAS_LAPACK_FALSE='#'
COIN_HAS_LAPACK_TRUE=''
COIN_HAS_LATEX_FALSE=''
COIN_HAS_LATEX_TRUE='#'
COIN_HAS_NETLIB_FALSE=''
COIN_HAS_NETLIB_TRUE='#'
COIN_HAS_PKGCONFIG_FALSE='#'
COIN_HAS_PKGCONFIG_TRUE=''
COIN_HAS_SAMPLE_FALSE='#'
COIN_HAS_SAMPLE_TRUE=''
COIN_HAS_ZLIB_FALSE='#'
COIN_HAS_ZLIB_TRUE=''
COIN_PKG_CONFIG_PATH='/Users/ssmehta/coinbrew/dist/lib/pkgconfig:/Users/ssmehta/coinbrew/dist/share/pkgconfig:/Users/ssmehta/coinbrew/dist/lib64/pkgconfig:/Users/ssmehta/coinbrew/dist/lib/pkgconfig:/Users/ssmehta/coinbrew/dist/share/pkgconfig:'
COIN_PKG_CONFIG_PATH_UNINSTALLED='/Users/ssmehta/Documents/Forecasting/RustAttempt/portfolio_optimization/target/CoinUtils/2.11.10:/Users/ssmehta/Documents/Forecasting/RustAttempt/portfolio_optimization/target/Data/miplib3/1.2.8:/Users/ssmehta/Documents/Forecasting/RustAttempt/portfolio_optimization/target/Data/Sample/1.2.12:'
CPP='clang -E'
CPPFLAGS=''
CXX='clang++'
CXXCPP='clang++ -E'
CXXDEFS=''
CXXDEPMODE='depmode=none'
CXXFLAGS='-O3 -pipe -DNDEBUG -Wparentheses -Wreturn-type -Wcast-qual -Wall -Wpointer-arith -Wwrite-strings -Wconversion -Wno-unknown-pragmas -Wno-long-long   -DCOINUTILS_BUILD'
CYGPATH_W='echo'
DBG_CFLAGS='-g -O0 -pipe -Wimplicit -Wparentheses -Wsequence-point -Wreturn-type -Wcast-qual -Wall -Wno-unknown-pragmas -Wno-long-long  '
DBG_CXXFLAGS='-g -O0 -pipe -Wparentheses -Wreturn-type -Wcast-qual -Wall -Wpointer-arith -Wwrite-strings -Wconversion -Wno-unknown-pragmas -Wno-long-long  '
DBG_FFLAGS='-g -O0 -pipe  '
DEFS='-DHAVE_CONFIG_H'
DEPDIR='.deps'
DEPENDENCY_LINKING_FALSE='#'
DEPENDENCY_LINKING_TRUE=''
ECHO='/bin/echo'
ECHO_C='ECHO_N=''
ECHO_T=''
EGREP='grep -E'
EXEEXT=''
F77='gfortran'
FFLAGS='-O3 -pipe  '
FLIBS=' -L/opt/homebrew/Cellar/gcc/13.2.0/bin/../lib/gcc/current/gcc/aarch64-apple-darwin23/13 -L/opt/homebrew/Cellar/gcc/13.2.0/bin/../lib/gcc/current/gcc -L/opt/homebrew/Cellar/gcc/13.2.0/bin/../lib/gcc/current/gcc/aarch64-apple-darwin23/13/../../.. -lgfortran -lemutls_w -lquadmath -lSystem'
GLPK_CFLAGS=''
GLPK_CFLAGS_INSTALLED=''
GLPK_DATA=''
GLPK_DATA_INSTALLED=''
GLPK_DEPENDENCIES=''
GLPK_LIBS=''
GLPK_LIBS_INSTALLED=''
HAVE_EXTERNALS_FALSE=''
HAVE_EXTERNALS_TRUE='#'
INSTALL_DATA='${INSTALL} -m 644'
INSTALL_PROGRAM='${INSTALL}'
INSTALL_SCRIPT='${INSTALL}'
INSTALL_STRIP_PROGRAM='${SHELL} $(install_sh) -c -s'
LAPACK_CFLAGS=''
LAPACK_CFLAGS_INSTALLED=''
LAPACK_DATA=''
LAPACK_DATA_INSTALLED=''
LAPACK_DEPENDENCIES=''
LAPACK_LIBS='-framework Accelerate'
LAPACK_LIBS_INSTALLED=''
LDFLAGS=''
LIBEXT='a'
LIBOBJS=''
LIBS=''
LIBTOOL='$(SHELL) $(top_builddir)/libtool'
LIBTOOLM4=''
LN_S='ln -s'
LTLIBOBJS=''
LT_LDFLAGS=' -no-undefined -version-info 14:10:11'
MAINT='#'
MAINTAINER_MODE_FALSE=''
MAINTAINER_MODE_TRUE='#'
MAKEINFO='${SHELL} /Users/ssmehta/coinbrew/CoinUtils/CoinUtils/missing --run makeinfo'
MPICC=''
MPICXX=''
MPIF77=''
NETLIB_CFLAGS=''
NETLIB_CFLAGS_INSTALLED=''
NETLIB_DATA=''
NETLIB_DATA_INSTALLED=''
NETLIB_DEPENDENCIES=''
NETLIB_LIBS=''
NETLIB_LIBS_INSTALLED=''
OBJEXT='o'
OPT_CFLAGS='-O3 -pipe -DNDEBUG -Wimplicit -Wparentheses -Wsequence-point -Wreturn-type -Wcast-qual -Wall -Wno-unknown-pragmas -Wno-long-long  '
OPT_CXXFLAGS='-O3 -pipe -DNDEBUG -Wparentheses -Wreturn-type -Wcast-qual -Wall -Wpointer-arith -Wwrite-strings -Wconversion -Wno-unknown-pragmas -Wno-long-long  '
OPT_FFLAGS='-O3 -pipe  '
PACKAGE='coinutils'
PACKAGE_BUGREPORT='http://projects.coin-or.org/CoinUtils'
PACKAGE_NAME='CoinUtils'
PACKAGE_STRING='CoinUtils 2.11.10'
PACKAGE_TARNAME='coinutils'
PACKAGE_VERSION='2.11.10'
PATH_SEPARATOR=':'
PKG_CONFIG='pkg-config'
RANLIB='ranlib'
RPATH_FLAGS=''
SAMPLE_CFLAGS=''
SAMPLE_CFLAGS_INSTALLED=''
SAMPLE_DATA='/Users/ssmehta/coinbrew/dist/share/coin/Data/Sample'
SAMPLE_DATA_INSTALLED=''
SAMPLE_DEPENDENCIES=' '
SAMPLE_LIBS=''
SAMPLE_LIBS_INSTALLED=''
SET_MAKE=''
SHELL='/bin/sh'
STRIP='strip'
VERSION='2.11.10'
VPATH_DISTCLEANFILES=' test/plan.mod'
abs_bin_dir='/Users/ssmehta/coinbrew/dist/bin'
abs_include_dir='/Users/ssmehta/coinbrew/dist/include'
abs_lib_dir='/Users/ssmehta/coinbrew/dist/lib'
abs_source_dir='/Users/ssmehta/coinbrew/CoinUtils/CoinUtils'
ac_c_preproc_warn_flag=''
ac_ct_AR='ar'
ac_ct_CC='clang'
ac_ct_CXX='clang++'
ac_ct_F77='gfortran'
ac_ct_PKG_CONFIG='pkg-config'
ac_ct_RANLIB='ranlib'
ac_ct_STRIP='strip'
ac_cxx_preproc_warn_flag=''
am__fastdepCC_FALSE=''
am__fastdepCC_TRUE='#'
am__fastdepCXX_FALSE=''
am__fastdepCXX_TRUE='#'
am__include='include'
am__leading_dot='.'
am__quote=''
am__tar='${AMTAR} chof - "$$tardir"'
am__untar='${AMTAR} xf -'
bindir='${exec_prefix}/bin'
build='arm-apple-darwin23.0.0'
build_alias=''
build_cpu='arm'
build_os='darwin23.0.0'
build_vendor='apple'
coin_doxy_excludes=''
coin_doxy_logname='doxydoc/coinutils_doxy.log'
coin_doxy_tagfiles=''
coin_doxy_tagname='doxydoc/coinutils_doxy.tag'
coin_doxy_usedot='NO'
coin_have_doxygen='no'
coin_have_latex='no'
datadir='${prefix}/share'
dos2unix=''
exec_prefix='${prefix}'
have_autoconf=''
have_automake=''
have_svn=''
have_svnversion='yes'
host='arm-apple-darwin23.0.0'
host_alias=''
host_cpu='arm'
host_os='darwin23.0.0'
host_vendor='apple'
includedir='${prefix}/include'
infodir='${prefix}/info'
install_sh='/Users/ssmehta/coinbrew/CoinUtils/CoinUtils/install-sh'
libdir='${exec_prefix}/lib'
libexecdir='${exec_prefix}/libexec'
localstatedir='${prefix}/var'
mandir='${prefix}/man'
mkdir_p='$(install_sh) -d'
oldincludedir='/usr/include'
prefix='/Users/ssmehta/coinbrew/dist'
program_transform_name='s,x,x,'
sbindir='${exec_prefix}/sbin'
sharedstatedir='${prefix}/com'
sol_cc_compiler=''
sysconfdir='${prefix}/etc'
target_alias=''

## ----------- ##
## confdefs.h. ##
## ----------- ##

#define COINUTILS_HAS_CSTDINT 1
#define COINUTILS_HAS_STDINT_H 1
#define COINUTILS_MEMPOOL_MAXPOOLED -1
#define COINUTILS_VERSION "2.11.10"
#define COINUTILS_VERSION_MAJOR 2
#define COINUTILS_VERSION_MINOR 11
#define COINUTILS_VERSION_RELEASE 10
#define COIN_COINUTILS_CHECKLEVEL 0
#define COIN_COINUTILS_VERBOSITY 0
#define COIN_C_ISNAN std::isnan
#define COIN_HAS_BLAS 1
#define COIN_HAS_BZLIB 1
#define COIN_HAS_LAPACK 1
#define COIN_HAS_SAMPLE 1
#define COIN_HAS_ZLIB 1
#define COIN_INT64_T int64_t
#define COIN_INTPTR_T intptr_t
#define COIN_UINT64_T int64_t
#define F77_FUNC(name,NAME) name ## _
#define F77_FUNC_(name,NAME) name ## _
#define HAVE_BZLIB_H 1
#define HAVE_CFLOAT 1
#define HAVE_CFLOAT 1
#define HAVE_CINTTYPES 1
#define HAVE_CMATH 1
#define HAVE_CMATH 1
#define HAVE_CSTDINT 1
#define HAVE_DLFCN_H 1
#define HAVE_INTTYPES_H 1
#define HAVE_MEMORY_H 1
#define HAVE_STDINT_H 1
#define HAVE_STDLIB_H 1
#define HAVE_STRINGS_H 1
#define HAVE_STRING_H 1
#define HAVE_SYS_STAT_H 1
#define HAVE_SYS_TYPES_H 1
#define HAVE_UNISTD_H 1
#define HAVE_ZLIB_H 1
#define PACKAGE "coinutils"
#define PACKAGE_BUGREPORT "http://projects.coin-or.org/CoinUtils"
#define PACKAGE_NAME "CoinUtils"
#define PACKAGE_STRING "CoinUtils 2.11.10"
#define PACKAGE_TARNAME "coinutils"
#define PACKAGE_VERSION "2.11.10"
#define VERSION "2.11.10"
#endif
#ifdef __cplusplus
extern "C" void exit (int);

configure: exit 0
